Maximum undetermined nucleotides allowed: 25
Length of the alignment: 658
Read in 1410 sequences
focus taxa: ['sanguinolentus', 'ebraeus', 'chaldaeus'] 3
Cutoff set as: >1
Number iterations of MolD set as: 25000
Maximum length of raw pDNCs set as: 12
Maximum length of refined pDNCs set as: 5

************ sanguinolentus ************
Sequences analyzed: 100
Total pDNCs identified: 11210 Independent pDNCs: 25
[121: 'C', 316: 'A']
[274: 'C', 457: 'C']
[278: 'T', 445: 'C']
[307: 'C', 436: 'T']
[52: 'G', 571: 'C']
[385: 'C', 424: 'C']
[100: 'T', 526: 'T']
[283: 'G', 451: 'A']
[22: 'A', 94: 'T', 280: 'G']
[55: 'G', 265: 'G', 331: 'G']
[49: 'G', 184: 'C', 386: 'C']
[61: 'G', 85: 'T', 286: 'A']
[266: 'T', 328: 'G', 391: 'T']
[238: 'G', 418: 'A', 500: 'C']
[349: 'G', 359: 'C', 376: 'G']
[133: 'C', 514: 'T', 520: 'G']
[208: 'G', 337: 'T', 484: 'A']
[268: 'G', 361: 'G', 619: 'A']
[193: 'C', 232: 'G', 382: 'G']
[37: 'A', 241: 'A', 478: 'G']
[130: 'G', 197: 'C', 295: 'T', 388: 'A']
[277: 'T', 290: 'C', 511: 'G', 610: 'T']
[259: 'C', 343: 'T', 508: 'A', 556: 'G']
[181: 'A', 205: 'T', 319: 'G', 544: 'G']
[25: 'A', 92: 'C', 199: 'A', 433: 'G', 499: 'T']
Key positions: 0 []
25 shortest pDNCs:
[274: 'C', 457: 'C']
[121: 'C', 316: 'A']
[278: 'T', 445: 'C']
[121: 'C', 391: 'T']
[100: 'T', 121: 'C']
[121: 'C', 190: 'G']
[121: 'C', 274: 'C']
[121: 'C', 343: 'T']
[55: 'G', 121: 'C']
[278: 'T', 571: 'C']
[121: 'C', 278: 'T']
[274: 'C', 571: 'C']
[121: 'C', 382: 'G']
[121: 'C', 307: 'C']
[121: 'C', 451: 'A']
[100: 'T', 445: 'C']
[121: 'C', 259: 'C']
[307: 'C', 436: 'T']
[121: 'C', 232: 'G']
[121: 'C', 436: 'T']
[121: 'C', 208: 'G']
[130: 'G', 307: 'C']
[121: 'C', 457: 'C']
[121: 'C', 349: 'G']
[121: 'C', 133: 'C']

************ ebraeus ************
Sequences analyzed: 96
Total pDNCs identified: 6899 Independent pDNCs: 19
[304: 'G', 379: 'A']
[542: 'C', 574: 'G']
[364: 'A', 439: 'G']
[541: 'A', 586: 'A']
[301: 'C', 334: 'G']
[118: 'C', 550: 'T']
[217: 'A', 640: 'C', 643: 'G']
[85: 'G', 241: 'G', 637: 'A']
[181: 'T', 499: 'G', 562: 'G']
[184: 'T', 263: 'T', 310: 'G']
[133: 'C', 166: 'A', 347: 'C']
[259: 'C', 277: 'A', 539: 'T']
[350: 'T', 478: 'G', 520: 'A']
[406: 'C', 583: 'G', 607: 'C']
[151: 'T', 202: 'A', 265: 'A', 298: 'A']
[59: 'C', 112: 'G', 190: 'A', 526: 'A']
[206: 'C', 337: 'G', 535: 'A', 565: 'G']
[43: 'A', 92: 'C', 295: 'T', 361: 'A', 391: 'A']
[91: 'C', 97: 'T', 172: 'G', 544: 'G', 556: 'G']
Key positions: 0 []
25 shortest pDNCs:
[542: 'C', 574: 'G']
[301: 'C', 574: 'G']
[304: 'G', 379: 'A']
[364: 'A', 574: 'G']
[364: 'A', 439: 'G']
[541: 'A', 586: 'A']
[574: 'G', 583: 'G']
[301: 'C', 586: 'A']
[301: 'C', 334: 'G']
[439: 'G', 586: 'A']
[85: 'G', 301: 'C']
[478: 'G', 586: 'A']
[265: 'A', 301: 'C']
[49: 'C', 574: 'G']
[241: 'G', 586: 'A']
[217: 'A', 574: 'G']
[337: 'G', 586: 'A']
[379: 'A', 586: 'A']
[562: 'G', 574: 'G']
[181: 'T', 586: 'A']
[263: 'T', 574: 'G']
[241: 'G', 574: 'G']
[439: 'G', 574: 'G']
[118: 'C', 574: 'G']
[118: 'C', 550: 'T']

************ chaldaeus ************
Sequences analyzed: 99
Total pDNCs identified: 5455 Independent pDNCs: 17
[88: 'A', 289: 'A']
[94: 'C', 613: 'C']
[97: 'G', 586: 'G']
[562: 'A', 637: 'G']
[127: 'G', 347: 'C', 574: 'A']
[112: 'G', 133: 'T', 337: 'G']
[298: 'G', 379: 'A', 539: 'T']
[43: 'G', 316: 'A', 583: 'G']
[35: 'C', 181: 'T', 304: 'A']
[442: 'C', 505: 'C', 542: 'C']
[49: 'C', 229: 'A', 277: 'T']
[31: 'C', 334: 'G', 520: 'G']
[28: 'G', 52: 'G', 310: 'A']
[85: 'G', 206: 'T', 565: 'G']
[22: 'G', 92: 'C', 361: 'A', 478: 'A']
[82: 'A', 406: 'C', 541: 'A', 607: 'T']
[172: 'G', 350: 'T', 394: 'T', 502: 'A', 643: 'A']
Key positions: 0 []
25 shortest pDNCs:
[94: 'C', 613: 'C']
[97: 'G', 613: 'C']
[88: 'A', 289: 'A']
[97: 'G', 586: 'G']
[562: 'A', 637: 'G']
[85: 'G', 94: 'C']
[97: 'G', 406: 'C']
[22: 'G', 94: 'C']
[43: 'G', 97: 'G']
[265: 'A', 637: 'G']
[574: 'A', 637: 'G']
[94: 'C', 574: 'A']
[542: 'C', 637: 'G']
[43: 'G', 637: 'G']
[22: 'G', 289: 'A']
[97: 'G', 295: 'T']
[418: 'T', 637: 'G']
[289: 'A', 379: 'A']
[97: 'G', 637: 'G']
[94: 'C', 541: 'A']
[94: 'C', 97: 'G']
[85: 'G', 97: 'G']
[94: 'C', 505: 'C']
[350: 'T', 637: 'G']
[97: 'G', 541: 'A']
