Maximum undetermined nucleotides allowed: 25
Length of the alignment: 657
Read in 665 sequences
focus taxa: ['longispina', 'laevis', 'melanica', 'pulex'] 4
Cutoff set as: >1
Number iterations of MolD set as: 25000
Maximum length of raw pDNCs set as: 12
Maximum length of refined pDNCs set as: 5

************ longispina ************
Sequences analyzed: 13
Total pDNCs identified: 10431 Independent pDNCs: 30
[207: 'G', 558: 'C']
[1: 'A', 120: 'C']
[294: 'T', 420: 'A']
[351: 'C', 408: 'T']
[444: 'C', 573: 'T']
[534: 'G', 540: 'C']
[84: 'G', 183: 'C']
[45: 'C', 288: 'G']
[171: 'C', 472: 'C']
[405: 'C', 585: 'C']
[54: 'C', 561: 'G']
[39: 'T', 516: 'G']
[66: 'G', 582: 'T']
[90: 'A', 477: 'C', 588: 'T']
[3: 'C', 201: 'T', 282: 'C']
[18: 'C', 291: 'G', 618: 'G']
[255: 'C', 552: 'T', 651: 'T']
[69: 'C', 318: 'A', 543: 'A']
[192: 'T', 324: 'C', 474: 'A']
[237: 'A', 396: 'C', 580: 'C']
[204: 'C', 241: 'T', 484: 'C']
[285: 'C', 507: 'T', 522: 'C']
[267: 'T', 528: 'A', 564: 'A']
[33: 'G', 135: 'T', 336: 'A']
[9: 'C', 309: 'G', 570: 'T']
[399: 'C', 576: 'A', 591: 'A']
[459: 'T', 531: 'C', 630: 'A']
[51: 'T', 126: 'C', 480: 'A']
[72: 'G', 75: 'T', 468: 'A']
[372: 'G', 435: 'A', 495: 'T', 652: 'C']
Key positions: 0 []
25 shortest pDNCs:
[1: 'A', 120: 'C']
[9: 'C', 120: 'C']
[207: 'G', 558: 'C']
[120: 'C', 204: 'C']
[294: 'T', 420: 'A']
[171: 'C', 558: 'C']
[120: 'C', 357: 'G']
[120: 'C', 237: 'A']
[120: 'C', 216: 'A']
[120: 'C', 183: 'C']
[351: 'C', 408: 'T']
[120: 'C', 546: 'T']
[69: 'C', 120: 'C']
[120: 'C', 477: 'C']
[351: 'C', 585: 'C']
[120: 'C', 255: 'C']
[3: 'C', 294: 'T']
[120: 'C', 630: 'A']
[183: 'C', 351: 'C']
[351: 'C', 519: 'A']
[204: 'C', 351: 'C']
[9: 'C', 351: 'C']
[2: 'C', 120: 'C']
[120: 'C', 561: 'G']
[558: 'C', 564: 'A']

************ laevis ************
Sequences analyzed: 81
Total pDNCs identified: 15397 Independent pDNCs: 37
[126: 'A', 480: 'G']
[387: 'C', 543: 'T']
[171: 'C', 468: 'G']
[201: 'G', 483: 'C']
[265: 'T', 471: 'C']
[237: 'C', 516: 'C']
[39: 'C', 189: 'G']
[585: 'C', 597: 'T']
[255: 'C', 546: 'C']
[241: 'T', 429: 'T']
[306: 'G', 477: 'C']
[369: 'C', 540: 'C']
[75: 'T', 486: 'G']
[183: 'T', 423: 'A']
[213: 'T', 258: 'C']
[333: 'A', 399: 'T', 473: 'T']
[45: 'C', 552: 'C', 580: 'C']
[354: 'A', 492: 'G', 627: 'G']
[405: 'T', 549: 'C', 594: 'C']
[351: 'T', 456: 'C', 567: 'T']
[66: 'G', 525: 'A', 558: 'A']
[105: 'C', 120: 'A', 408: 'T']
[51: 'T', 484: 'T', 528: 'A']
[63: 'C', 564: 'G', 588: 'C']
[174: 'G', 489: 'T', 531: 'C']
[90: 'A', 289: 'C', 495: 'C']
[165: 'G', 270: 'C', 420: 'A']
[205: 'T', 318: 'A', 348: 'C', 618: 'G']
[55: 'T', 192: 'C', 366: 'T', 561: 'G']
[49: 'C', 204: 'C', 228: 'A', 501: 'A']
[336: 'T', 342: 'C', 427: 'C', 630: 'G']
[211: 'C', 282: 'T', 459: 'T', 621: 'G']
[324: 'T', 450: 'T', 519: 'A', 570: 'T']
[252: 'T', 267: 'A', 357: 'G', 462: 'T']
[147: 'A', 312: 'T', 321: 'A', 615: 'C']
[196: 'C', 273: 'T', 309: 'A', 330: 'A', 345: 'C']
[222: 'T', 327: 'G', 372: 'G', 396: 'T', 636: 'A']
Key positions: 0 []
25 shortest pDNCs:
[387: 'C', 543: 'T']
[126: 'A', 480: 'G']
[480: 'G', 585: 'C']
[171: 'C', 468: 'G']
[255: 'C', 543: 'T']
[201: 'G', 483: 'C']
[265: 'T', 471: 'C']
[483: 'C', 486: 'G']
[237: 'C', 516: 'C']
[39: 'C', 189: 'G']
[55: 'T', 471: 'C']
[585: 'C', 597: 'T']
[480: 'G', 516: 'C']
[255: 'C', 546: 'C']
[241: 'T', 429: 'T']
[201: 'G', 516: 'C']
[306: 'G', 468: 'G']
[480: 'G', 483: 'C']
[201: 'G', 594: 'C']
[201: 'G', 213: 'T']
[306: 'G', 477: 'C']
[369: 'C', 540: 'C']
[39: 'C', 183: 'T']
[306: 'G', 585: 'C']
[258: 'C', 468: 'G']

************ melanica ************
Sequences analyzed: 1
Total pDNCs identified: 4938 Independent pDNCs: 13
[51: 'C', 273: 'A']
[57: 'T', 642: 'G']
[480: 'G', 606: 'C']
[351: 'G', 483: 'G']
[435: 'G', 438: 'C']
[481: 'T', 594: 'T']
[222: 'A', 399: 'C', 633: 'C']
[321: 'A', 342: 'C', 582: 'T']
[408: 'G', 472: 'G', 651: 'C']
[42: 'C', 348: 'T', 615: 'C']
[58: 'T', 69: 'T', 636: 'G']
[30: 'A', 285: 'A', 528: 'A']
[129: 'C', 513: 'A', 624: 'A', 648: 'A']
Key positions: 0 []
25 shortest pDNCs:
[57: 'T', 642: 'G']
[51: 'C', 273: 'A']
[219: 'C', 273: 'A']
[273: 'A', 639: 'C']
[480: 'G', 606: 'C']
[55: 'C', 273: 'A']
[474: 'T', 642: 'G']
[480: 'G', 636: 'G']
[636: 'G', 642: 'G']
[481: 'T', 642: 'G']
[273: 'A', 471: 'G']
[57: 'T', 273: 'A']
[258: 'C', 642: 'G']
[57: 'T', 435: 'G']
[441: 'C', 642: 'G']
[243: 'T', 642: 'G']
[351: 'G', 483: 'G']
[141: 'C', 642: 'G']
[435: 'G', 438: 'C']
[66: 'C', 642: 'G']
[55: 'C', 435: 'G']
[472: 'G', 642: 'G']
[481: 'T', 594: 'T']
[66: 'C', 273: 'A']
[348: 'T', 481: 'T']

************ pulex ************
Sequences analyzed: 73
Total pDNCs identified: 677 Independent pDNCs: 7
[435: 'T', 472: 'G', 486: 'A']
[69: 'C', 438: 'C', 538: 'C']
[267: 'T', 273: 'G', 513: 'A']
[58: 'T', 543: 'G', 594: 'C']
[91: 'T', 321: 'G', 537: 'A', 567: 'A']
[30: 'A', 327: 'G', 393: 'C', 480: 'A']
[168: 'C', 348: 'C', 429: 'T', 535: 'C', 573: 'T']
Key positions: 0 []
25 shortest pDNCs:
[69: 'C', 438: 'C', 538: 'C']
[435: 'T', 472: 'G', 486: 'A']
[435: 'T', 543: 'G', 573: 'T']
[30: 'A', 69: 'C', 282: 'A']
[69: 'C', 481: 'T', 538: 'C']
[58: 'T', 69: 'C', 420: 'T']
[58: 'T', 348: 'C', 472: 'G']
[69: 'C', 135: 'C', 486: 'A']
[58: 'T', 69: 'C', 138: 'G']
[30: 'A', 69: 'C', 288: 'T']
[42: 'C', 69: 'C', 513: 'A']
[39: 'A', 58: 'T', 69: 'C']
[69: 'C', 543: 'G', 573: 'T']
[30: 'A', 69: 'C', 73: 'C']
[69: 'C', 481: 'T', 486: 'A']
[30: 'A', 69: 'C', 481: 'T']
[58: 'T', 69: 'C', 252: 'A']
[58: 'T', 69: 'C', 474: 'T']
[30: 'A', 69: 'C', 270: 'T']
[30: 'A', 69: 'C', 472: 'G']
[58: 'T', 273: 'G', 472: 'G']
[69: 'C', 538: 'C', 603: 'C']
[58: 'T', 69: 'C', 243: 'T']
[58: 'T', 69: 'C', 273: 'G']
[69: 'C', 73: 'C', 537: 'A']
