Maximum undetermined nucleotides allowed: 25
Length of the alignment: 655
Read in 27 sequences
focus taxa: ['milaschewitchii', 'brasilensis', 'verrucosa', 'kepii', 'joni', 'neridae', 'wiggi', 'wenzli', 'peteryalli'] 9
Cutoff set as: >1
Number iterations of MolD set as: 20000
Maximum length of raw pDNCs set as: 12
Maximum length of refined pDNCs set as: 5

************ milaschewitchii ************
Sequences analyzed: 3
Total pDNCs identified: 10396 Independent pDNCs: 107
[25: 'C']
[11: 'C']
[58: 'T']
[160: 'C']
[272: 'A']
[273: 'G']
[319: 'T']
[352: 'G']
[371: 'G']
[376: 'G']
[397: 'A']
[451: 'A']
[476: 'C']
[495: 'G']
[496: 'G']
[520: 'C']
[307: 'G', 361: 'G']
[82: 'G', 589: 'T']
[278: 'G', 505: 'T']
[52: 'T', 247: 'C']
[217: 'C', 268: 'C']
[295: 'A', 442: 'C']
[49: 'G', 603: 'G']
[136: 'A', 331: 'T']
[220: 'C', 568: 'C']
[43: 'T', 109: 'T']
[382: 'C', 427: 'T']
[379: 'A', 469: 'C']
[88: 'C', 412: 'A']
[343: 'C', 387: 'T']
[64: 'C', 634: 'T']
[97: 'A', 298: 'A']
[256: 'T', 346: 'A']
[34: 'T', 59: 'C']
[388: 'T', 556: 'A']
[337: 'T', 454: 'C']
[248: 'A', 538: 'G']
[61: 'T', 601: 'T']
[37: 'A', 553: 'G']
[299: 'T', 357: 'T']
[56: 'C', 334: 'C']
[515: 'C', 539: 'C']
[349: 'C', 472: 'C']
[22: 'A', 604: 'T']
[13: 'T', 543: 'G']
[223: 'C', 301: 'A']
[373: 'C', 616: 'G']
[332: 'G', 547: 'G']
[96: 'T', 296: 'A']
[260: 'T', 439: 'C']
[79: 'C', 499: 'G']
[31: 'C', 199: 'T']
[559: 'A', 655: 'C']
[436: 'C', 622: 'A']
[10: 'T', 83: 'T']
[508: 'G', 523: 'G']
[167: 'C', 364: 'C']
[5: 'C', 467: 'T']
[85: 'C', 425: 'C']
[35: 'T', 652: 'T']
[206: 'T', 340: 'G']
[409: 'G', 643: 'C']
[4: 'T', 67: 'G']
[119: 'A', 535: 'T']
[14: 'G', 166: 'A']
[118: 'T', 370: 'A']
[130: 'C', 145: 'A']
[625: 'G', 631: 'C']
[169: 'A', 281: 'C']
[46: 'A', 274: 'G']
[205: 'G', 290: 'A']
[304: 'T', 353: 'T']
[142: 'T', 541: 'A']
[259: 'G', 297: 'G']
[202: 'C', 475: 'G']
[214: 'G', 481: 'A']
[283: 'T', 356: 'G']
[284: 'T', 532: 'A']
[94: 'C', 578: 'T']
[526: 'T', 533: 'C']
[172: 'A', 203: 'C']
[127: 'G', 310: 'G']
[413: 'A', 490: 'G']
[74: 'C', 229: 'G']
[239: 'A', 316: 'G']
[325: 'G', 448: 'A']
[286: 'G', 355: 'T']
[103: 'G', 491: 'C']
[287: 'T', 583: 'T']
[100: 'C', 613: 'C']
[86: 'T', 650: 'C']
[544: 'A', 598: 'C']
[196: 'G', 400: 'A']
[30: 'G', 562: 'G']
[29: 'T', 619: 'C']
[28: 'G', 415: 'G']
[511: 'T', 514: 'T']
[484: 'G', 536: 'C']
[262: 'G', 592: 'C']
[112: 'T', 322: 'A', 367: 'A']
[208: 'A', 366: 'G', 565: 'T']
[7: 'A', 433: 'T', 649: 'C']
[421: 'T', 517: 'A', 571: 'A']
[360: 'C', 398: 'C', 554: 'C']
[16: 'T', 457: 'T', 607: 'T']
[70: 'T', 271: 'T', 403: 'T']
[157: 'G', 190: 'T', 478: 'A']
Key positions: 0 []
25 shortest pDNCs:
[11: 'C']
[25: 'C']
[58: 'T']
[160: 'C']
[272: 'A']
[273: 'G']
[319: 'T']
[352: 'G']
[371: 'G']
[376: 'G']
[397: 'A']
[451: 'A']
[476: 'C']
[495: 'G']
[496: 'G']
[520: 'C']
[307: 'G', 361: 'G']
[82: 'G', 589: 'T']
[278: 'G', 505: 'T']
[52: 'T', 247: 'C']
[217: 'C', 268: 'C']
[295: 'A', 442: 'C']
[49: 'G', 603: 'G']
[136: 'A', 331: 'T']
[220: 'C', 568: 'C']

************ brasilensis ************
Sequences analyzed: 4
Total pDNCs identified: 8346 Independent pDNCs: 114
[16: 'C']
[4: 'G']
[40: 'C']
[44: 'G']
[46: 'G']
[68: 'G']
[97: 'C']
[101: 'C']
[102: 'C']
[167: 'G']
[169: 'C']
[170: 'T']
[197: 'A']
[202: 'G']
[217: 'A']
[227: 'G']
[228: 'C']
[239: 'T']
[272: 'G']
[287: 'A']
[295: 'G']
[310: 'C']
[332: 'T']
[351: '-']
[352: '-']
[353: '-']
[357: 'A']
[358: 'G']
[365: 'T']
[372: 'T']
[387: 'C']
[434: 'G']
[456: 'G']
[457: 'G']
[467: 'G']
[482: 'T']
[483: 'G']
[497: 'C']
[499: 'T']
[512: 'T']
[518: 'A']
[529: 'A']
[535: 'G']
[542: 'T']
[543: 'C']
[566: 'C']
[619: 'G']
[635: 'G']
[61: 'G', 356: 'G']
[124: 'G', 127: 'T']
[316: 'G', 613: 'T']
[130: 'C', 199: 'C']
[278: 'A', 538: 'G']
[286: 'T', 526: 'G']
[58: 'G', 238: 'G']
[172: 'G', 466: 'G']
[515: 'C', 523: 'A']
[87: 'G', 196: 'G']
[37: 'G', 91: 'G']
[208: 'G', 340: 'C']
[297: 'T', 476: 'G']
[83: 'T', 598: 'T']
[355: 'G', 604: 'T']
[14: 'A', 360: 'G']
[400: 'G', 487: 'G']
[322: 'A', 413: 'G']
[119: 'G', 478: 'T']
[59: 'T', 253: 'G']
[109: 'C', 226: 'G']
[106: 'C', 283: 'A']
[292: 'C', 346: 'G']
[565: 'T', 577: 'G']
[52: 'G', 603: 'C']
[511: 'T', 589: 'G']
[13: 'T', 559: 'T']
[49: 'G', 622: 'G']
[545: 'C', 575: 'T']
[290: 'A', 376: 'A']
[79: 'G', 178: 'G']
[112: 'C', 145: 'G']
[349: 'C', 592: 'T']
[296: 'G', 366: 'C']
[22: 'G', 469: 'C']
[96: 'C', 496: 'T']
[274: 'G', 652: 'G']
[10: 'C', 259: 'G']
[136: 'T', 463: 'G']
[94: 'A', 520: 'T']
[490: 'G', 532: 'G']
[397: 'T', 562: 'T']
[280: 'T', 541: 'G']
[163: 'A', 367: 'A']
[403: 'C', 508: 'G']
[82: 'T', 304: 'A']
[67: 'G', 514: 'A']
[85: 'T', 481: 'T']
[43: 'T', 298: 'T']
[187: 'T', 379: 'T']
[139: 'C', 475: 'G']
[118: 'G', 430: 'G']
[74: 'T', 631: 'C']
[55: 'T', 319: 'G']
[203: 'C', 484: 'A']
[220: 'T', 571: 'A']
[50: 'T', 100: 'C']
[29: 'T', 382: 'T', 493: 'G']
[214: 'G', 539: 'T', 601: 'T']
[28: 'A', 30: 'G', 607: 'T']
[35: 'T', 260: 'C', 385: 'A']
[206: 'C', 262: 'G', 328: 'A']
[157: 'G', 281: 'T', 502: 'T']
[219: 'C', 451: 'T', 544: 'A']
[223: 'T', 404: 'T', 554: 'C', 580: 'A']
[160: 'T', 211: 'T', 218: 'C', 284: 'C', 421: 'T']
Key positions: 0 []
25 shortest pDNCs:
[4: 'G']
[16: 'C']
[40: 'C']
[44: 'G']
[46: 'G']
[68: 'G']
[97: 'C']
[101: 'C']
[102: 'C']
[167: 'G']
[169: 'C']
[170: 'T']
[197: 'A']
[202: 'G']
[217: 'A']
[227: 'G']
[228: 'C']
[239: 'T']
[272: 'G']
[287: 'A']
[295: 'G']
[310: 'C']
[332: 'T']
[351: '-']
[352: '-']

************ verrucosa ************
Sequences analyzed: 7
Total pDNCs identified: 9782 Independent pDNCs: 69
[343: 'G']
[118: 'A']
[367: 'C']
[421: 'A']
[451: 'C']
[25: 'G', 208: 'T']
[76: 'G', 157: 'A']
[79: 'A', 634: 'A']
[14: 'G', 589: 'A']
[286: 'T', 523: 'T']
[268: 'G', 310: 'A']
[472: 'T', 583: 'A']
[43: 'A', 526: 'C']
[124: 'C', 220: 'C']
[256: 'C', 539: 'C']
[424: 'C', 535: 'T']
[37: 'G', 274: 'A']
[85: 'A', 349: 'A']
[88: 'T', 346: 'A']
[400: 'A', 427: 'G']
[361: 'C', 448: 'T']
[430: 'A', 532: 'G']
[460: 'T', 556: 'T']
[52: 'A', 344: 'T']
[206: 'C', 355: 'T']
[55: 'C', 409: 'T']
[40: 'G', 514: 'A']
[404: 'C', 571: 'A']
[263: 'T', 650: 'T']
[214: 'T', 475: 'G']
[169: 'T', 544: 'A']
[91: 'T', 106: 'T']
[67: 'T', 253: 'A']
[136: 'C', 160: 'T']
[119: 'G', 325: 'G']
[398: 'T', 604: 'G']
[316: 'T', 533: 'C']
[577: 'T', 616: 'T']
[34: 'G', 559: 'T']
[283: 'A', 515: 'T']
[352: 'T', 530: 'T']
[46: 'T', 238: 'A']
[30: 'C', 260: 'T']
[295: 'T', 652: 'G']
[127: 'T', 139: 'T']
[10: 'T', 259: 'A']
[187: 'A', 607: 'T']
[172: 'A', 301: 'G']
[100: 'T', 466: 'G']
[457: 'T', 481: 'T']
[196: 'A', 287: 'T']
[278: 'A', 499: 'A']
[94: 'T', 397: 'T']
[379: 'T', 592: 'C']
[109: 'T', 304: 'A', 508: 'A']
[73: 'G', 562: 'G', 598: 'T']
[58: 'G', 166: 'T', 322: 'T']
[203: 'T', 536: 'T', 550: 'T']
[28: 'A', 284: 'C', 538: 'A']
[456: 'T', 547: 'T', 631: 'T']
[406: 'G', 476: 'A', 484: 'A']
[29: 'G', 154: 'T', 505: 'T']
[13: 'A', 328: 'A', 601: 'T']
[280: 'T', 289: 'A', 356: 'A']
[64: 'T', 167: 'C', 554: 'C']
[385: 'A', 517: 'A', 553: 'T']
[35: 'T', 297: 'C', 593: 'T']
[59: 'T', 112: 'T', 360: 'C', 439: 'T']
[22: 'T', 262: 'A', 482: 'A', 580: 'A']
Key positions: 0 []
25 shortest pDNCs:
[118: 'A']
[343: 'G']
[367: 'C']
[421: 'A']
[451: 'C']
[25: 'G', 208: 'T']
[25: 'G', 433: 'T']
[76: 'G', 157: 'A']
[79: 'A', 634: 'A']
[14: 'G', 589: 'A']
[286: 'T', 523: 'T']
[268: 'G', 310: 'A']
[472: 'T', 583: 'A']
[76: 'G', 256: 'C']
[43: 'A', 526: 'C']
[208: 'T', 357: 'T']
[124: 'C', 220: 'C']
[256: 'C', 539: 'C']
[424: 'C', 535: 'T']
[37: 'G', 274: 'A']
[85: 'A', 349: 'A']
[88: 'T', 346: 'A']
[85: 'A', 361: 'C']
[29: 'G', 208: 'T']
[157: 'A', 268: 'G']

************ kepii ************
Sequences analyzed: 1
Total pDNCs identified: 10906 Independent pDNCs: 101
[79: 'T']
[49: 'A']
[118: 'C']
[148: 'C']
[160: 'A']
[193: 'G']
[292: 'G']
[331: 'G']
[466: 'T']
[494: 'G']
[583: 'G']
[628: 'A']
[638: 'C']
[259: 'G', 352: 'C']
[106: 'T', 646: 'G']
[40: 'A', 304: 'A']
[199: 'T', 394: 'C']
[25: 'A', 82: 'A']
[456: 'A', 535: 'A']
[85: 'A', 214: 'A']
[290: 'A', 547: 'T']
[286: 'G', 409: 'T']
[187: 'G', 406: 'A']
[253: 'A', 328: 'G']
[367: 'T', 515: 'C']
[100: 'T', 250: 'G']
[91: 'G', 340: 'T']
[74: 'T', 397: 'C']
[514: 'T', 571: 'C']
[283: 'A', 370: 'T']
[278: 'C', 634: 'A']
[52: 'T', 88: 'A']
[484: 'A', 604: 'C']
[271: 'C', 622: 'A']
[127: 'A', 235: 'T']
[268: 'C', 313: 'A']
[64: 'C', 307: 'A']
[376: 'T', 526: 'G']
[205: 'A', 280: 'G']
[1: 'G', 196: 'G']
[349: 'G', 475: 'T']
[398: 'T', 616: 'G']
[58: 'G', 550: 'C']
[46: 'A', 565: 'C']
[220: 'G', 539: 'T']
[625: 'G', 650: 'T']
[316: 'A', 460: 'C']
[96: 'T', 297: 'T']
[366: 'G', 538: 'T']
[203: 'T', 400: 'G']
[157: 'A', 508: 'G']
[16: 'A', 382: 'T']
[325: 'T', 511: 'C']
[130: 'G', 265: 'T']
[355: 'A', 361: 'T']
[310: 'G', 388: 'A']
[281: 'T', 544: 'T']
[119: 'A', 178: 'G']
[167: 'C', 346: 'G']
[172: 'G', 238: 'A']
[10: 'T', 154: 'C']
[37: 'A', 59: 'T']
[385: 'G', 404: 'C']
[337: 'C', 559: 'A']
[34: 'G', 472: 'A']
[319: 'C', 496: 'T']
[142: 'A', 607: 'T']
[523: 'T', 533: 'T']
[322: 'A', 490: 'T']
[256: 'T', 274: 'A']
[136: 'C', 334: 'A']
[124: 'C', 532: 'A']
[13: 'A', 448: 'A']
[67: 'A', 166: 'T']
[598: 'C', 619: 'T']
[7: 'G', 415: 'G']
[505: 'T', 520: 'T']
[94: 'T', 169: 'A']
[562: 'G', 592: 'T']
[229: 'G', 652: 'G']
[29: 'G', 536: 'C']
[43: 'A', 430: 'G']
[493: 'A', 589: 'G']
[439: 'C', 553: 'T']
[287: 'T', 451: 'T']
[295: 'A', 301: 'G']
[30: 'C', 262: 'G']
[344: 'T', 481: 'A']
[332: 'G', 379: 'T', 556: 'A']
[206: 'T', 364: 'T', 601: 'T']
[181: 'T', 272: 'T', 643: 'C']
[421: 'T', 457: 'T', 499: 'A']
[208: 'A', 577: 'T', 649: 'T']
[4: 'T', 353: 'C', 463: 'G']
[70: 'T', 260: 'C', 298: 'T']
[284: 'C', 541: 'A', 603: 'G']
[56: 'T', 427: 'A', 655: 'T']
[217: 'T', 263: 'C', 631: 'T']
[28: 'A', 55: 'T', 109: 'T']
[50: 'C', 61: 'A', 73: 'G']
[343: 'T', 403: 'T', 530: 'T', 545: 'C']
Key positions: 0 []
25 shortest pDNCs:
[49: 'A']
[79: 'T']
[118: 'C']
[148: 'C']
[160: 'A']
[193: 'G']
[292: 'G']
[331: 'G']
[466: 'T']
[494: 'G']
[583: 'G']
[628: 'A']
[638: 'C']
[259: 'G', 352: 'C']
[106: 'T', 646: 'G']
[40: 'A', 304: 'A']
[199: 'T', 394: 'C']
[25: 'A', 82: 'A']
[456: 'A', 535: 'A']
[40: 'A', 325: 'T']
[85: 'A', 214: 'A']
[25: 'A', 361: 'T']
[290: 'A', 547: 'T']
[286: 'G', 409: 'T']
[328: 'G', 394: 'C']

************ joni ************
Sequences analyzed: 3
Total pDNCs identified: 10760 Independent pDNCs: 84
[85: 'G']
[31: 'A']
[160: 'G']
[283: 'G']
[298: 'G']
[451: 'G']
[523: 'C']
[526: 'A']
[578: 'C']
[580: 'T']
[284: 'T', 622: 'G']
[49: 'T', 94: 'C']
[286: 'G', 532: 'T']
[379: 'A', 490: 'A']
[211: 'C', 467: 'T']
[118: 'T', 316: 'T']
[13: 'A', 505: 'C']
[46: 'A', 607: 'C']
[278: 'G', 571: 'T']
[334: 'A', 484: 'G']
[356: 'G', 583: 'A']
[106: 'T', 268: 'T']
[82: 'A', 274: 'T']
[30: 'C', 220: 'T']
[100: 'C', 124: 'C']
[167: 'T', 430: 'G']
[304: 'A', 319: 'A']
[202: 'T', 601: 'A']
[22: 'T', 550: 'A']
[157: 'A', 346: 'T']
[511: 'A', 625: 'T']
[37: 'T', 217: 'T']
[119: 'G', 457: 'C']
[136: 'T', 448: 'T']
[96: 'T', 360: 'G']
[109: 'C', 565: 'A']
[472: 'A', 604: 'G']
[142: 'A', 388: 'G']
[43: 'T', 508: 'A']
[73: 'A', 352: 'T']
[59: 'T', 530: 'C']
[313: 'C', 325: 'T']
[1: 'C', 226: 'A']
[203: 'T', 253: 'T']
[67: 'T', 556: 'A']
[35: 'C', 361: 'T']
[58: 'A', 652: 'G']
[145: 'A', 229: 'T']
[16: 'G', 478: 'A']
[238: 'T', 562: 'G']
[169: 'A', 481: 'T']
[14: 'G', 409: 'A']
[281: 'T', 400: 'T']
[214: 'G', 547: 'T']
[91: 'C', 520: 'T']
[55: 'T', 349: 'A']
[271: 'C', 331: 'A']
[34: 'T', 88: 'T']
[127: 'G', 382: 'T']
[295: 'A', 643: 'T']
[260: 'C', 592: 'C']
[196: 'G', 415: 'A']
[61: 'A', 301: 'A']
[397: 'T', 514: 'T']
[259: 'G', 538: 'A']
[74: 'C', 539: 'T']
[130: 'T', 287: 'T']
[29: 'G', 398: 'C']
[476: 'A', 631: 'C']
[541: 'A', 613: 'T', 619: 'C']
[103: 'G', 406: 'G', 533: 'T']
[181: 'T', 265: 'T', 322: 'T']
[542: 'A', 544: 'A', 589: 'G']
[25: 'T', 56: 'T', 577: 'T']
[256: 'T', 299: 'A', 466: 'G']
[172: 'A', 536: 'T', 634: 'T']
[166: 'T', 208: 'A', 649: 'C']
[310: 'A', 421: 'T', 655: 'C']
[292: 'C', 366: 'G', 535: 'A']
[76: 'A', 262: 'A', 280: 'T']
[10: 'T', 343: 'T', 344: 'C']
[40: 'G', 424: 'T', 650: 'T']
[163: 'G', 263: 'C', 297: 'C']
[205: 'A', 404: 'T', 493: 'G']
Key positions: 0 []
25 shortest pDNCs:
[31: 'A']
[85: 'G']
[160: 'G']
[283: 'G']
[298: 'G']
[451: 'G']
[523: 'C']
[526: 'A']
[578: 'C']
[580: 'T']
[284: 'T', 622: 'G']
[49: 'T', 94: 'C']
[286: 'G', 532: 'T']
[284: 'T', 532: 'T']
[379: 'A', 490: 'A']
[211: 'C', 467: 'T']
[118: 'T', 316: 'T']
[13: 'A', 505: 'C']
[61: 'A', 211: 'C']
[13: 'A', 35: 'C']
[505: 'C', 511: 'A']
[49: 'T', 520: 'T']
[46: 'A', 316: 'T']
[46: 'A', 607: 'C']
[278: 'G', 571: 'T']

************ neridae ************
Sequences analyzed: 1
Total pDNCs identified: 11497 Independent pDNCs: 105
[151: 'C']
[46: 'C']
[169: 'G']
[220: 'A']
[277: 'C']
[278: 'T']
[289: 'T']
[391: 'C']
[397: 'G']
[421: 'C']
[479: 'T']
[505: 'A']
[601: 'C']
[43: 'G', 487: 'G']
[58: 'A', 532: 'A']
[403: 'C', 484: 'G']
[295: 'T', 490: 'A']
[331: 'T', 457: 'C']
[94: 'T', 167: 'T']
[439: 'C', 475: 'A']
[281: 'C', 367: 'T']
[52: 'G', 565: 'C']
[118: 'G', 538: 'A']
[451: 'T', 619: 'C']
[35: 'C', 412: 'T']
[404: 'T', 478: 'G']
[1: 'A', 253: 'T']
[34: 'T', 85: 'A']
[400: 'A', 544: 'T']
[580: 'G', 646: 'A']
[235: 'A', 481: 'T']
[14: 'G', 199: 'C']
[202: 'T', 652: 'T']
[409: 'T', 613: 'C']
[598: 'T', 625: 'G']
[187: 'G', 511: 'A']
[244: 'C', 352: 'A']
[304: 'T', 337: 'C']
[523: 'G', 604: 'C']
[86: 'A', 514: 'T']
[61: 'A', 166: 'C']
[83: 'G', 298: 'A']
[163: 'A', 334: 'T']
[87: 'G', 476: 'A']
[385: 'G', 466: 'A']
[238: 'T', 469: 'C']
[178: 'A', 274: 'G']
[101: 'G', 349: 'T']
[40: 'G', 592: 'T']
[229: 'G', 415: 'A']
[433: 'T', 541: 'G']
[172: 'G', 316: 'T']
[361: 'G', 398: 'T']
[283: 'T', 460: 'C']
[49: 'C', 280: 'G']
[313: 'A', 319: 'A']
[82: 'G', 553: 'C']
[119: 'A', 556: 'T']
[499: 'A', 545: 'T']
[256: 'C', 491: 'C']
[37: 'T', 284: 'C']
[271: 'T', 616: 'T']
[50: 'T', 622: 'A']
[296: 'G', 526: 'T']
[130: 'T', 607: 'T']
[7: 'G', 223: 'C']
[91: 'T', 589: 'G']
[88: 'A', 217: 'C']
[55: 'T', 97: 'G']
[535: 'A', 562: 'T']
[142: 'T', 472: 'A']
[79: 'G', 382: 'C']
[30: 'C', 203: 'C']
[16: 'T', 430: 'A']
[22: 'A', 59: 'T']
[196: 'A', 520: 'T']
[29: 'G', 106: 'C']
[124: 'G', 287: 'C']
[346: 'T', 454: 'C']
[575: 'C', 577: 'G']
[571: 'A', 640: 'G']
[214: 'G', 265: 'A']
[13: 'G', 355: 'T']
[103: 'A', 205: 'G']
[340: 'T', 650: 'C']
[127: 'G', 547: 'A']
[259: 'A', 539: 'T']
[76: 'A', 181: 'G']
[67: 'A', 136: 'T']
[292: 'T', 325: 'T']
[28: 'G', 286: 'T']
[376: 'T', 583: 'T']
[310: 'A', 448: 'A']
[74: 'T', 268: 'T', 517: 'A']
[10: 'C', 297: 'C', 554: 'C']
[70: 'T', 301: 'G', 634: 'T']
[358: 'T', 370: 'G', 655: 'C']
[139: 'T', 157: 'G', 247: 'T']
[322: 'A', 371: 'T', 463: 'A']
[73: 'G', 206: 'T', 536: 'T']
[208: 'A', 290: 'T', 379: 'T']
[25: 'T', 344: 'C', 631: 'T']
[31: 'T', 190: 'T', 643: 'T']
[109: 'T', 219: 'C', 533: 'T', 559: 'T']
[145: 'A', 442: 'T', 493: 'G', 530: 'T']
Key positions: 0 []
25 shortest pDNCs:
[46: 'C']
[151: 'C']
[169: 'G']
[220: 'A']
[277: 'C']
[278: 'T']
[289: 'T']
[391: 'C']
[397: 'G']
[421: 'C']
[479: 'T']
[505: 'A']
[601: 'C']
[43: 'G', 487: 'G']
[58: 'A', 532: 'A']
[403: 'C', 484: 'G']
[295: 'T', 490: 'A']
[331: 'T', 457: 'C']
[94: 'T', 167: 'T']
[439: 'C', 475: 'A']
[281: 'C', 367: 'T']
[52: 'G', 565: 'C']
[118: 'G', 538: 'A']
[301: 'G', 475: 'A']
[451: 'T', 619: 'C']

************ wiggi ************
Sequences analyzed: 4
Total pDNCs identified: 11036 Independent pDNCs: 92
[325: 'A']
[127: 'C']
[583: 'C']
[30: 'G', 73: 'A']
[361: 'C', 424: 'T']
[79: 'A', 544: 'T']
[37: 'G', 58: 'A']
[382: 'C', 475: 'T']
[229: 'A', 604: 'C']
[398: 'C', 526: 'C']
[34: 'C', 415: 'G']
[284: 'T', 652: 'A']
[319: 'G', 571: 'C']
[580: 'A', 640: 'G']
[511: 'A', 619: 'A']
[253: 'T', 514: 'A']
[190: 'C', 307: 'G']
[88: 'A', 124: 'A']
[301: 'G', 400: 'T']
[220: 'T', 310: 'G']
[13: 'G', 541: 'A']
[136: 'T', 457: 'T']
[70: 'C', 530: 'T']
[383: 'T', 480: 'G']
[352: 'C', 550: 'T']
[50: 'C', 334: 'T']
[106: 'C', 523: 'T']
[10: 'C', 103: 'G']
[35: 'C', 535: 'T']
[82: 'T', 316: 'A']
[22: 'G', 515: 'T']
[265: 'G', 493: 'A']
[287: 'C', 589: 'A']
[1: 'T', 196: 'A']
[43: 'G', 487: 'A']
[46: 'T', 328: 'G']
[289: 'G', 433: 'A']
[278: 'A', 370: 'T']
[142: 'A', 562: 'T']
[52: 'A', 598: 'C']
[388: 'T', 520: 'G']
[55: 'C', 130: 'T']
[263: 'T', 545: 'T']
[14: 'A', 625: 'G']
[448: 'A', 607: 'C']
[187: 'A', 466: 'A']
[154: 'T', 214: 'A']
[67: 'T', 283: 'T']
[172: 'G', 539: 'C']
[439: 'T', 556: 'G']
[208: 'G', 286: 'G']
[247: 'C', 547: 'A']
[469: 'T', 650: 'C']
[595: 'C', 628: 'G']
[280: 'T', 397: 'C']
[112: 'C', 360: 'C']
[40: 'A', 532: 'G']
[355: 'A', 508: 'A']
[91: 'T', 481: 'A']
[304: 'T', 491: 'T']
[74: 'C', 86: 'A']
[367: 'A', 554: 'T']
[203: 'C', 205: 'A']
[169: 'T', 271: 'T']
[349: 'A', 592: 'T']
[553: 'C', 565: 'T']
[244: 'C', 490: 'T']
[28: 'A', 281: 'C']
[379: 'T', 499: 'G']
[298: 'T', 484: 'G']
[29: 'T', 61: 'A']
[85: 'T', 139: 'T']
[274: 'T', 313: 'A']
[16: 'T', 49: 'T']
[94: 'T', 409: 'A']
[118: 'T', 631: 'T']
[167: 'C', 346: 'T']
[157: 'G', 217: 'T']
[259: 'A', 616: 'G']
[100: 'T', 235: 'T', 634: 'T']
[268: 'T', 456: 'T', 533: 'C']
[7: 'A', 260: 'C', 332: 'G']
[331: 'A', 496: 'T', 601: 'T']
[206: 'C', 357: 'T', 451: 'T']
[160: 'T', 430: 'G', 517: 'A']
[256: 'T', 356: 'A', 643: 'T']
[178: 'G', 427: 'A', 463: 'A', 578: 'T']
[250: 'A', 343: 'T', 376: 'T', 505: 'T']
[478: 'A', 613: 'T', 622: 'A', 646: 'A']
[211: 'T', 337: 'T', 404: 'T', 536: 'T']
[31: 'T', 199: 'T', 344: 'C', 538: 'A']
[145: 'A', 181: 'T', 385: 'A', 412: 'G']
Key positions: 0 []
25 shortest pDNCs:
[127: 'C']
[325: 'A']
[583: 'C']
[30: 'G', 73: 'A']
[361: 'C', 424: 'T']
[79: 'A', 544: 'T']
[37: 'G', 58: 'A']
[382: 'C', 475: 'T']
[229: 'A', 604: 'C']
[73: 'A', 490: 'T']
[58: 'A', 361: 'C']
[398: 'C', 526: 'C']
[34: 'C', 415: 'G']
[284: 'T', 604: 'C']
[284: 'T', 652: 'A']
[106: 'C', 475: 'T']
[37: 'G', 652: 'A']
[34: 'C', 490: 'T']
[319: 'G', 571: 'C']
[580: 'A', 640: 'G']
[466: 'A', 571: 'C']
[511: 'A', 619: 'A']
[253: 'T', 514: 'A']
[190: 'C', 307: 'G']
[88: 'A', 124: 'A']

************ wenzli ************
Sequences analyzed: 3
Total pDNCs identified: 9133 Independent pDNCs: 60
[218: 'G']
[181: 'A']
[219: 'T']
[296: 'T']
[383: 'C']
[430: 'T']
[593: 'A']
[68: 'T', 625: 'A']
[37: 'A', 607: 'C']
[67: 'A', 82: 'T']
[334: 'A', 550: 'T']
[515: 'T', 536: 'C']
[40: 'T', 265: 'T']
[25: 'T', 52: 'T']
[130: 'T', 562: 'A']
[49: 'G', 367: 'T']
[388: 'A', 499: 'G']
[136: 'A', 598: 'T']
[238: 'T', 366: 'C']
[387: 'T', 603: 'C']
[376: 'A', 467: 'T']
[533: 'T', 619: 'A']
[196: 'A', 571: 'T']
[361: 'T', 520: 'A']
[94: 'A', 529: 'T']
[287: 'C', 448: 'T']
[496: 'T', 589: 'T']
[439: 'T', 526: 'T']
[118: 'G', 538: 'T']
[16: 'T', 22: 'T']
[400: 'A', 409: 'A']
[29: 'T', 535: 'A']
[166: 'C', 541: 'A']
[355: 'T', 554: 'T']
[59: 'C', 514: 'A']
[169: 'A', 523: 'A']
[14: 'A', 70: 'T']
[87: 'C', 163: 'A']
[46: 'T', 206: 'T']
[119: 'A', 278: 'A']
[13: 'A', 30: 'G']
[43: 'A', 583: 'T']
[31: 'T', 301: 'A']
[178: 'A', 244: 'T']
[281: 'T', 283: 'T']
[1: 'A', 382: 'T']
[331: 'A', 360: 'C', 397: 'T']
[260: 'T', 436: 'T', 556: 'A']
[64: 'T', 263: 'C', 457: 'T']
[316: 'T', 451: 'T', 484: 'A']
[97: 'A', 493: 'A', 544: 'A']
[76: 'A', 253: 'A', 290: 'T']
[112: 'T', 337: 'T', 343: 'T']
[356: 'A', 634: 'T', 650: 'T']
[50: 'C', 310: 'A', 655: 'T']
[404: 'T', 553: 'T', 580: 'A']
[160: 'T', 208: 'A', 460: 'T']
[284: 'C', 297: 'C', 421: 'T']
[86: 'T', 298: 'T', 424: 'T', 456: 'T']
[328: 'A', 364: 'T', 622: 'A', 643: 'C']
Key positions: 0 []
25 shortest pDNCs:
[181: 'A']
[218: 'G']
[219: 'T']
[296: 'T']
[383: 'C']
[430: 'T']
[593: 'A']
[68: 'T', 625: 'A']
[37: 'A', 607: 'C']
[43: 'A', 625: 'A']
[67: 'A', 82: 'T']
[334: 'A', 550: 'T']
[515: 'T', 536: 'C']
[40: 'T', 265: 'T']
[25: 'T', 52: 'T']
[37: 'A', 448: 'T']
[130: 'T', 562: 'A']
[49: 'G', 367: 'T']
[52: 'T', 287: 'C']
[136: 'A', 367: 'T']
[388: 'A', 499: 'G']
[49: 'G', 469: 'T']
[538: 'T', 607: 'C']
[136: 'A', 598: 'T']
[238: 'T', 366: 'C']

************ peteryalli ************
Sequences analyzed: 1
Total pDNCs identified: 10600 Independent pDNCs: 134
[23: 'A']
[14: 'T']
[48: 'C']
[68: 'A']
[76: 'C']
[81: 'T']
[83: 'A']
[95: 'T']
[101: 'A']
[102: 'G']
[140: 'A']
[141: 'C']
[167: 'A']
[187: 'C']
[209: 'C']
[232: 'C']
[280: 'A']
[286: 'C']
[293: 'A']
[294: 'G']
[357: 'C']
[358: 'A']
[361: 'A']
[365: 'A']
[373: 'A']
[433: 'C']
[448: 'G']
[467: 'A']
[468: 'T']
[487: 'T']
[503: 'T']
[504: 'G']
[512: 'A']
[535: 'C']
[556: 'C']
[574: 'A']
[586: 'C']
[628: 'C']
[634: 'C']
[541: 'G', 646: 'G']
[297: 'G', 316: 'A']
[124: 'T', 550: 'A']
[278: 'C', 493: 'G']
[328: 'A', 394: 'C']
[517: 'G', 622: 'G']
[229: 'A', 295: 'A']
[61: 'G', 265: 'A']
[301: 'A', 409: 'T']
[226: 'G', 272: 'T']
[96: 'C', 482: 'A']
[415: 'T', 595: 'C']
[82: 'G', 368: 'A']
[313: 'C', 456: 'A']
[166: 'A', 625: 'A']
[136: 'T', 406: 'A']
[59: 'C', 346: 'T']
[178: 'C', 589: 'G']
[5: 'T', 364: 'C']
[157: 'G', 208: 'T']
[196: 'G', 214: 'T']
[475: 'A', 490: 'G']
[50: 'T', 562: 'A']
[199: 'C', 322: 'T']
[80: 'G', 87: 'C']
[35: 'T', 274: 'T']
[28: 'G', 496: 'C']
[103: 'T', 170: 'A']
[239: 'A', 413: 'G']
[34: 'A', 514: 'T']
[94: 'T', 478: 'T']
[262: 'A', 604: 'A']
[211: 'C', 491: 'C']
[40: 'T', 118: 'T']
[202: 'C', 655: 'T']
[349: 'T', 385: 'A']
[352: 'T', 397: 'C']
[248: 'C', 283: 'T']
[508: 'G', 532: 'T']
[220: 'T', 619: 'T']
[22: 'A', 484: 'A']
[219: 'C', 511: 'G']
[340: 'C', 388: 'A']
[13: 'G', 203: 'T']
[296: 'A', 454: 'T']
[16: 'G', 85: 'T']
[554: 'C', 652: 'A']
[238: 'A', 268: 'T']
[79: 'C', 538: 'A']
[91: 'G', 466: 'A']
[4: 'C', 56: 'C']
[130: 'G', 376: 'A']
[472: 'C', 495: 'A']
[253: 'A', 400: 'T']
[184: 'C', 580: 'G']
[142: 'T', 331: 'A']
[37: 'A', 181: 'G']
[457: 'C', 505: 'T']
[31: 'C', 379: 'C']
[169: 'T', 530: 'C']
[43: 'G', 526: 'G']
[30: 'G', 499: 'A']
[88: 'T', 544: 'T']
[67: 'G', 334: 'T']
[139: 'C', 353: 'C']
[244: 'C', 523: 'A']
[355: 'A', 559: 'C']
[119: 'A', 616: 'A']
[112: 'C', 271: 'A']
[260: 'T', 370: 'T']
[55: 'A', 163: 'G']
[10: 'C', 46: 'A']
[281: 'C', 547: 'T']
[520: 'G', 583: 'T']
[1: 'A', 49: 'T']
[100: 'T', 360: 'G']
[205: 'G', 476: 'G']
[127: 'T', 289: 'G']
[52: 'G', 539: 'C']
[571: 'T', 607: 'T']
[287: 'C', 304: 'A']
[259: 'A', 284: 'C', 398: 'C']
[217: 'C', 427: 'A', 479: 'A']
[206: 'C', 325: 'G', 404: 'T']
[86: 'T', 367: 'A', 451: 'T']
[58: 'G', 154: 'T', 481: 'A']
[29: 'T', 598: 'T', 603: 'G']
[190: 'T', 412: 'G', 533: 'C']
[160: 'T', 263: 'C', 577: 'T']
[70: 'T', 319: 'G', 631: 'C']
[106: 'C', 337: 'C', 592: 'C']
[25: 'T', 290: 'T', 601: 'T']
[430: 'G', 515: 'T', 643: 'C']
[218: 'C', 298: 'T', 310: 'A', 344: 'C']
[7: 'A', 172: 'A', 256: 'T', 613: 'T']
Key positions: 0 []
25 shortest pDNCs:
[14: 'T']
[23: 'A']
[48: 'C']
[68: 'A']
[76: 'C']
[81: 'T']
[83: 'A']
[95: 'T']
[101: 'A']
[102: 'G']
[140: 'A']
[141: 'C']
[167: 'A']
[187: 'C']
[209: 'C']
[232: 'C']
[280: 'A']
[286: 'C']
[293: 'A']
[294: 'G']
[357: 'C']
[358: 'A']
[361: 'A']
[365: 'A']
[373: 'A']
