Maximum undetermined nucleotides allowed: 25
Length of the alignment: 984
Read in 21 sequences
focus taxa: ['milaschewitchii', 'brasilensis', 'verrucosa', 'kepii', 'joni', 'neridae', 'liliae', 'wiggi', 'wenzli', 'martynovi'] 10
Cutoff set as: >0
Number iterations of MolD set as: 5000
Maximum length of raw pDNCs set as: 12
Maximum length of refined pDNCs set as: 2

************ milaschewitchii ************
Sequences analyzed: 1
Total pDNCs identified: 82 Independent pDNCs: 8
[672: 'T']
[329: 'T']
[673: 'C']
[676: 'G']
[175: 'C', 420: 'C']
[558: 'A', 862: 'T']
[562: 'C', 863: 'C']
[439: 'A', 540: 'C']
Key positions: 0 []
25 shortest pDNCs:
[329: 'T']
[672: 'T']
[673: 'C']
[676: 'G']
[175: 'C', 420: 'C']
[420: 'C', 537: 'T']
[558: 'A', 862: 'T']
[533: 'G', 862: 'T']
[420: 'C', 854: 'T']
[420: 'C', 863: 'C']
[643: 'G', 862: 'T']
[107: 'G', 420: 'C']
[108: 'C', 862: 'T']
[420: 'C', 545: 'G']
[175: 'C', 862: 'T']
[420: 'C', 618: 'T']
[174: 'G', 862: 'T']
[642: 'A', 862: 'T']
[106: 'T', 420: 'C']
[671: 'T', 862: 'T']
[420: 'C', 540: 'C']
[862: 'T', 874: 'A']
[562: 'C', 863: 'C']
[439: 'A', 862: 'T']
[104: 'C', 862: 'T']

************ brasilensis ************
Sequences analyzed: 5
Total pDNCs identified: 69 Independent pDNCs: 13
[648: 'A']
[459: 'C']
[653: 'T']
[678: '-']
[679: 'T']
[683: 'T']
[704: 'C']
[793: 'C']
[801: 'T']
[408: 'A', 623: 'C']
[540: 'C', 903: 'C']
[555: 'T', 565: 'C']
[562: 'C', 861: 'T']
Key positions: 0 []
25 shortest pDNCs:
[459: 'C']
[648: 'A']
[653: 'T']
[678: '-']
[679: 'T']
[683: 'T']
[704: 'C']
[793: 'C']
[801: 'T']
[408: 'A', 623: 'C']
[540: 'C', 903: 'C']
[555: 'T', 565: 'C']
[533: 'G', 565: 'C']
[408: 'A', 903: 'C']
[565: 'C', 874: 'A']
[105: 'A', 565: 'C']
[174: 'G', 565: 'C']
[565: 'C', 711: 'G']
[562: 'C', 565: 'C']
[540: 'C', 862: 'C']
[565: 'C', 618: 'T']
[565: 'C', 961: 'C']
[418: 'T', 565: 'C']
[408: 'A', 711: 'G']
[565: 'C', 643: 'G']

************ verrucosa ************
Sequences analyzed: 3
Total pDNCs identified: 106 Independent pDNCs: 10
[604: 'G']
[597: 'T']
[859: 'C']
[420: 'C', 439: 'G']
[540: 'G', 866: '-']
[547: 'C', 863: '-']
[555: 'C', 599: 'C']
[174: 'T', 865: '-']
[623: 'C', 867: 'G']
[108: 'A', 864: '-']
Key positions: 0 []
25 shortest pDNCs:
[597: 'T']
[604: 'G']
[859: 'C']
[420: 'C', 439: 'G']
[540: 'G', 866: '-']
[547: 'C', 863: '-']
[555: 'C', 599: 'C']
[599: 'C', 711: 'G']
[174: 'T', 865: '-']
[439: 'G', 860: 'T']
[623: 'C', 867: 'G']
[539: 'G', 540: 'G']
[866: '-', 867: 'G']
[539: 'G', 867: 'G']
[108: 'A', 864: '-']
[562: 'C', 866: '-']
[547: 'C', 865: '-']
[540: 'G', 545: 'A']
[547: 'C', 864: '-']
[538: 'G', 867: 'G']
[108: 'A', 866: '-']
[540: 'G', 546: 'T']
[418: 'T', 865: '-']
[104: 'T', 867: 'G']
[418: 'T', 866: '-']

************ kepii ************
Sequences analyzed: 1
Total pDNCs identified: 13 Independent pDNCs: 5
[419: 'C']
[410: 'T']
[719: 'G']
[867: 'C']
[443: 'G', 860: 'G']
Key positions: 0 []
25 shortest pDNCs:
[410: 'T']
[419: 'C']
[719: 'G']
[867: 'C']
[443: 'G', 860: 'G']
[562: 'C', 860: 'G']
[418: 'T', 860: 'G']
[860: 'G', 865: 'G']
[860: 'G', 868: 'G']
[860: 'G', 863: 'T']
[860: 'G', 866: 'G']
[860: 'G', 864: 'C']

************ joni ************
Sequences analyzed: 2
Total pDNCs identified: 76 Independent pDNCs: 9
[547: 'T']
[443: 'A']
[868: 'A']
[562: 'T', 865: '-']
[597: 'C', 866: '-']
[418: 'C', 961: 'C']
[604: 'C', 864: '-']
[859: 'T', 863: '-']
[419: 'T', 860: 'G']
Key positions: 0 []
25 shortest pDNCs:
[443: 'A']
[547: 'T']
[868: 'A']
[562: 'T', 865: '-']
[597: 'C', 866: '-']
[597: 'C', 863: '-']
[418: 'C', 961: 'C']
[418: 'C', 537: 'A']
[604: 'C', 864: '-']
[108: 'C', 865: '-']
[418: 'C', 546: 'T']
[604: 'C', 863: '-']
[599: 'T', 865: '-']
[859: 'T', 866: '-']
[599: 'T', 864: '-']
[540: 'A', 864: '-']
[555: 'C', 562: 'T']
[537: 'A', 562: 'T']
[859: 'T', 863: '-']
[108: 'C', 866: '-']
[863: '-', 867: 'A']
[539: 'G', 562: 'T']
[597: 'C', 865: '-']
[543: 'G', 562: 'T']
[562: 'T', 864: '-']

************ neridae ************
Sequences analyzed: 1
Total pDNCs identified: 15 Independent pDNCs: 4
[522: 'A']
[61: 'G']
[439: 'A', 540: 'A']
[420: 'C', 863: 'T']
Key positions: 0 []
25 shortest pDNCs:
[61: 'G']
[522: 'A']
[439: 'A', 540: 'A']
[439: 'A', 538: 'G']
[439: 'A', 542: 'G']
[540: 'A', 860: 'T']
[439: 'A', 539: 'G']
[439: 'A', 543: 'G']
[108: 'A', 540: 'A']
[420: 'C', 540: 'A']
[439: 'A', 546: 'T']
[439: 'A', 545: 'A']
[174: 'T', 540: 'A']
[439: 'A', 537: 'A']

************ liliae ************
Sequences analyzed: 1
Total pDNCs identified: 352 Independent pDNCs: 29
[63: 'C']
[34: 'C']
[415: 'C']
[536: 'T']
[537: 'G']
[542: '-']
[543: 'C']
[555: 'G']
[590: 'T']
[642: 'C']
[643: 'T']
[658: 'A']
[696: 'A']
[827: 'G']
[837: 'C']
[902: 'C']
[860: 'C', 862: 'T']
[540: 'C', 853: 'C']
[599: 'C', 863: 'C']
[671: 'C', 867: 'A']
[639: 'C', 792: 'C']
[558: 'C', 711: 'T']
[108: 'A', 565: 'C']
[533: 'T', 961: 'T']
[546: '-', 699: 'G']
[802: 'T', 861: 'T']
[483: 'C', 874: 'G']
[171: 'C', 538: 'C']
[418: 'C', 547: '-']
Key positions: 0 []
25 shortest pDNCs:
[34: 'C']
[63: 'C']
[415: 'C']
[536: 'T']
[537: 'G']
[542: '-']
[543: 'C']
[555: 'G']
[590: 'T']
[642: 'C']
[643: 'T']
[658: 'A']
[696: 'A']
[827: 'G']
[837: 'C']
[902: 'C']
[860: 'C', 862: 'T']
[540: 'C', 853: 'C']
[599: 'C', 863: 'C']
[671: 'C', 867: 'A']
[533: 'T', 671: 'C']
[639: 'C', 792: 'C']
[108: 'A', 862: 'T']
[558: 'C', 711: 'T']
[107: 'A', 671: 'C']

************ wiggi ************
Sequences analyzed: 3
Total pDNCs identified: 190 Independent pDNCs: 15
[508: 'T']
[483: 'T']
[536: '-']
[537: '-']
[538: '-']
[699: 'A']
[418: 'T', 547: '-']
[543: 'T', 874: 'G']
[533: 'T', 902: 'T']
[555: 'T', 639: 'T']
[546: '-', 565: 'T']
[415: 'T', 853: 'C']
[542: 'T', 558: 'C']
[539: 'T', 540: 'G']
[562: 'T', 860: 'T']
Key positions: 0 []
25 shortest pDNCs:
[483: 'T']
[508: 'T']
[536: '-']
[537: '-']
[538: '-']
[699: 'A']
[418: 'T', 547: '-']
[543: 'T', 874: 'G']
[547: '-', 902: 'T']
[533: 'T', 902: 'T']
[555: 'T', 639: 'T']
[533: 'T', 658: 'T']
[533: 'T', 590: 'A']
[546: '-', 565: 'T']
[547: '-', 671: 'T']
[547: '-', 643: 'G']
[415: 'T', 853: 'C']
[658: 'T', 874: 'G']
[418: 'T', 874: 'G']
[543: 'T', 854: 'C']
[874: 'G', 961: 'C']
[547: '-', 642: 'A']
[439: 'A', 546: '-']
[533: 'T', 542: 'T']
[643: 'G', 874: 'G']

************ wenzli ************
Sequences analyzed: 3
Total pDNCs identified: 19 Independent pDNCs: 4
[539: 'A']
[449: 'C']
[1: 'A', 439: 'A']
[653: 'C', 903: 'C']
Key positions: 0 []
25 shortest pDNCs:
[449: 'C']
[539: 'A']
[1: 'A', 439: 'A']
[653: 'C', 903: 'C']
[459: 'T', 903: 'C']
[564: 'C', 903: 'C']
[679: 'C', 903: 'C']
[540: 'G', 903: 'C']
[793: 'G', 903: 'C']
[678: 'A', 903: 'C']
[3: 'G', 439: 'A']
[408: 'G', 903: 'C']
[683: 'A', 903: 'C']
[801: 'C', 903: 'C']
[704: 'G', 903: 'C']
[439: 'A', 903: 'C']
[2: 'G', 439: 'A']
[565: 'T', 903: 'C']

************ martynovi ************
Sequences analyzed: 1
Total pDNCs identified: 174 Independent pDNCs: 8
[623: 'A']
[539: 'C']
[171: 'T', 867: 'G']
[4: 'A', 671: 'C']
[408: 'A', 679: 'C']
[711: 'T', 792: 'T']
[599: 'C', 982: 'A']
[860: 'C', 861: 'C']
Key positions: 0 []
25 shortest pDNCs:
[539: 'C']
[623: 'A']
[171: 'T', 867: 'G']
[4: 'A', 671: 'C']
[408: 'A', 679: 'C']
[671: 'C', 696: 'G']
[711: 'T', 792: 'T']
[107: 'G', 671: 'C']
[408: 'A', 671: 'C']
[711: 'T', 854: 'T']
[547: 'C', 711: 'T']
[34: 'A', 671: 'C']
[105: 'A', 671: 'C']
[408: 'A', 861: 'C']
[537: 'T', 711: 'T']
[565: 'T', 711: 'T']
[599: 'C', 982: 'A']
[671: 'C', 862: 'C']
[420: 'T', 867: 'G']
[711: 'T', 862: 'C']
[599: 'C', 792: 'T']
[542: 'T', 671: 'C']
[106: 'T', 671: 'C']
[555: 'T', 599: 'C']
[408: 'A', 540: 'G']
