Maximum undetermined nucleotides allowed: 25
Length of the alignment: 984
Read in 21 sequences
focus taxa: ['milaschewitchii', 'brasilensis', 'verrucosa', 'kepii', 'joni', 'neridae', 'liliae', 'wiggi', 'wenzli', 'martynovi'] 10
Cutoff set as: >0
Number iterations of MolD set as: 50000
Maximum length of raw pDNCs set as: 12
Maximum length of refined pDNCs set as: 2

************ milaschewitchii ************
Sequences analyzed: 1
Total pDNCs identified: 82 Independent pDNCs: 7
[672: 'T']
[329: 'T']
[673: 'C']
[676: 'G']
[420: 'C', 862: 'T']
[562: 'C', 863: 'C']
[540: 'C', 565: 'T']
Key positions: 0 []
25 shortest pDNCs:
[329: 'T']
[672: 'T']
[673: 'C']
[676: 'G']
[420: 'C', 862: 'T']
[546: 'A', 862: 'T']
[536: 'G', 862: 'T']
[590: 'A', 862: 'T']
[105: 'A', 862: 'T']
[802: 'C', 862: 'T']
[420: 'C', 537: 'T']
[420: 'C', 863: 'C']
[853: 'T', 862: 'T']
[108: 'C', 420: 'C']
[792: 'T', 862: 'T']
[104: 'C', 420: 'C']
[837: 'T', 862: 'T']
[643: 'G', 862: 'T']
[420: 'C', 545: 'G']
[420: 'C', 555: 'T']
[642: 'A', 862: 'T']
[618: 'T', 862: 'T']
[558: 'A', 862: 'T']
[711: 'G', 862: 'T']
[562: 'C', 863: 'C']

************ brasilensis ************
Sequences analyzed: 5
Total pDNCs identified: 70 Independent pDNCs: 14
[648: 'A']
[459: 'C']
[653: 'T']
[678: '-']
[679: 'T']
[683: 'T']
[704: 'C']
[793: 'C']
[801: 'T']
[540: 'C', 863: 'T']
[565: 'C', 802: 'C']
[449: 'T', 903: 'C']
[408: 'A', 623: 'C']
[562: 'C', 861: 'T']
Key positions: 0 []
25 shortest pDNCs:
[459: 'C']
[648: 'A']
[653: 'T']
[678: '-']
[679: 'T']
[683: 'T']
[704: 'C']
[793: 'C']
[801: 'T']
[540: 'C', 863: 'T']
[540: 'C', 862: 'C']
[565: 'C', 802: 'C']
[171: 'T', 565: 'C']
[565: 'C', 642: 'A']
[565: 'C', 827: 'C']
[565: 'C', 863: 'T']
[543: 'T', 565: 'C']
[546: 'A', 565: 'C']
[565: 'C', 671: 'T']
[408: 'A', 565: 'C']
[34: 'A', 565: 'C']
[105: 'A', 565: 'C']
[108: 'C', 565: 'C']
[537: 'T', 565: 'C']
[565: 'C', 902: 'T']

************ verrucosa ************
Sequences analyzed: 3
Total pDNCs identified: 106 Independent pDNCs: 9
[604: 'G']
[597: 'T']
[859: 'C']
[865: '-', 867: 'G']
[545: 'A', 599: 'C']
[540: 'G', 866: '-']
[418: 'T', 863: '-']
[420: 'C', 439: 'G']
[562: 'C', 864: '-']
Key positions: 0 []
25 shortest pDNCs:
[597: 'T']
[604: 'G']
[859: 'C']
[865: '-', 867: 'G']
[545: 'A', 599: 'C']
[174: 'T', 867: 'G']
[684: 'T', 867: 'G']
[540: 'G', 866: '-']
[108: 'A', 867: 'G']
[418: 'T', 863: '-']
[863: '-', 867: 'G']
[171: 'C', 867: 'G']
[538: 'G', 867: 'G']
[174: 'T', 863: '-']
[539: 'G', 540: 'G']
[562: 'C', 866: '-']
[420: 'C', 439: 'G']
[555: 'C', 867: 'G']
[540: 'G', 543: 'G']
[545: 'A', 867: 'G']
[562: 'C', 864: '-']
[599: 'C', 865: '-']
[860: 'T', 863: '-']
[599: 'C', 639: 'T']
[418: 'T', 866: '-']

************ kepii ************
Sequences analyzed: 1
Total pDNCs identified: 13 Independent pDNCs: 5
[419: 'C']
[410: 'T']
[719: 'G']
[867: 'C']
[860: 'G', 866: 'G']
Key positions: 0 []
25 shortest pDNCs:
[410: 'T']
[419: 'C']
[719: 'G']
[867: 'C']
[860: 'G', 866: 'G']
[860: 'G', 863: 'T']
[443: 'G', 860: 'G']
[860: 'G', 868: 'G']
[562: 'C', 860: 'G']
[860: 'G', 864: 'C']
[860: 'G', 865: 'G']
[418: 'T', 860: 'G']

************ joni ************
Sequences analyzed: 2
Total pDNCs identified: 76 Independent pDNCs: 8
[547: 'T']
[443: 'A']
[868: 'A']
[545: 'A', 562: 'T']
[860: 'G', 866: '-']
[418: 'C', 865: '-']
[597: 'C', 864: '-']
[604: 'C', 863: '-']
Key positions: 0 []
25 shortest pDNCs:
[443: 'A']
[547: 'T']
[868: 'A']
[545: 'A', 562: 'T']
[860: 'G', 866: '-']
[599: 'T', 866: '-']
[418: 'C', 865: '-']
[859: 'T', 866: '-']
[540: 'A', 562: 'T']
[597: 'C', 864: '-']
[866: '-', 867: 'A']
[562: 'T', 865: '-']
[562: 'T', 864: '-']
[418: 'C', 860: 'G']
[543: 'G', 562: 'T']
[418: 'C', 537: 'A']
[599: 'T', 864: '-']
[418: 'C', 863: '-']
[604: 'C', 863: '-']
[604: 'C', 866: '-']
[418: 'C', 542: 'G']
[418: 'C', 864: '-']
[418: 'C', 961: 'C']
[860: 'G', 864: '-']
[599: 'T', 863: '-']

************ neridae ************
Sequences analyzed: 1
Total pDNCs identified: 15 Independent pDNCs: 5
[522: 'A']
[61: 'G']
[108: 'A', 540: 'A']
[439: 'A', 537: 'A']
[420: 'C', 863: 'T']
Key positions: 0 []
25 shortest pDNCs:
[61: 'G']
[522: 'A']
[108: 'A', 540: 'A']
[439: 'A', 537: 'A']
[439: 'A', 538: 'G']
[439: 'A', 545: 'A']
[439: 'A', 546: 'T']
[439: 'A', 539: 'G']
[439: 'A', 540: 'A']
[540: 'A', 860: 'T']
[174: 'T', 540: 'A']
[420: 'C', 540: 'A']
[420: 'C', 863: 'T']
[439: 'A', 542: 'G']

************ liliae ************
Sequences analyzed: 1
Total pDNCs identified: 352 Independent pDNCs: 30
[63: 'C']
[34: 'C']
[415: 'C']
[536: 'T']
[537: 'G']
[542: '-']
[543: 'C']
[555: 'G']
[590: 'T']
[642: 'C']
[643: 'T']
[658: 'A']
[696: 'A']
[827: 'G']
[837: 'C']
[902: 'C']
[599: 'C', 861: 'T']
[418: 'C', 671: 'C']
[105: 'T', 863: 'C']
[711: 'T', 984: 'A']
[538: 'C', 854: 'C']
[108: 'A', 862: 'T']
[546: '-', 961: 'T']
[853: 'C', 860: 'C']
[439: 'G', 533: 'T']
[175: 'T', 639: 'C']
[699: 'G', 874: 'G']
[107: 'A', 565: 'C']
[540: 'C', 558: 'C']
[483: 'C', 547: '-']
Key positions: 0 []
25 shortest pDNCs:
[34: 'C']
[63: 'C']
[415: 'C']
[536: 'T']
[537: 'G']
[542: '-']
[543: 'C']
[555: 'G']
[590: 'T']
[642: 'C']
[643: 'T']
[658: 'A']
[696: 'A']
[827: 'G']
[837: 'C']
[902: 'C']
[599: 'C', 861: 'T']
[418: 'C', 671: 'C']
[547: '-', 861: 'T']
[418: 'C', 861: 'T']
[105: 'T', 863: 'C']
[711: 'T', 984: 'A']
[538: 'C', 854: 'C']
[108: 'A', 862: 'T']
[711: 'T', 874: 'G']

************ wiggi ************
Sequences analyzed: 3
Total pDNCs identified: 190 Independent pDNCs: 17
[508: 'T']
[483: 'T']
[536: '-']
[537: '-']
[538: '-']
[699: 'A']
[542: 'T', 684: 'T']
[853: 'C', 961: 'C']
[547: '-', 861: 'C']
[34: 'A', 546: '-']
[543: 'T', 802: 'T']
[711: 'G', 874: 'G']
[63: 'T', 533: 'T']
[545: 'G', 639: 'T']
[555: 'T', 854: 'C']
[539: 'T', 540: 'G']
[562: 'T', 860: 'T']
Key positions: 0 []
25 shortest pDNCs:
[483: 'T']
[508: 'T']
[536: '-']
[537: '-']
[538: '-']
[699: 'A']
[542: 'T', 684: 'T']
[853: 'C', 961: 'C']
[547: '-', 861: 'C']
[639: 'T', 853: 'C']
[555: 'T', 853: 'C']
[34: 'A', 546: '-']
[543: 'T', 802: 'T']
[533: 'T', 961: 'C']
[853: 'C', 862: 'C']
[711: 'G', 874: 'G']
[171: 'C', 543: 'T']
[555: 'T', 802: 'T']
[546: '-', 827: 'C']
[658: 'T', 874: 'G']
[853: 'C', 861: 'C']
[546: '-', 902: 'T']
[547: '-', 590: 'A']
[565: 'T', 853: 'C']
[106: 'A', 543: 'T']

************ wenzli ************
Sequences analyzed: 3
Total pDNCs identified: 19 Independent pDNCs: 4
[539: 'A']
[449: 'C']
[653: 'C', 903: 'C']
[2: 'G', 439: 'A']
Key positions: 0 []
25 shortest pDNCs:
[449: 'C']
[539: 'A']
[653: 'C', 903: 'C']
[408: 'G', 903: 'C']
[459: 'T', 903: 'C']
[565: 'T', 903: 'C']
[679: 'C', 903: 'C']
[2: 'G', 439: 'A']
[793: 'G', 903: 'C']
[704: 'G', 903: 'C']
[540: 'G', 903: 'C']
[648: 'G', 903: 'C']
[1: 'A', 439: 'A']
[683: 'A', 903: 'C']
[3: 'G', 439: 'A']
[564: 'C', 903: 'C']
[801: 'C', 903: 'C']
[678: 'A', 903: 'C']

************ martynovi ************
Sequences analyzed: 1
Total pDNCs identified: 175 Independent pDNCs: 8
[623: 'A']
[539: 'C']
[408: 'A', 801: 'C']
[543: 'T', 599: 'C']
[684: 'C', 867: 'G']
[671: 'C', 861: 'C']
[542: 'T', 711: 'T']
[439: 'G', 982: 'A']
Key positions: 0 []
25 shortest pDNCs:
[539: 'C']
[623: 'A']
[408: 'A', 801: 'C']
[543: 'T', 599: 'C']
[108: 'C', 599: 'C']
[684: 'C', 867: 'G']
[408: 'A', 982: 'A']
[671: 'C', 861: 'C']
[107: 'G', 671: 'C']
[643: 'G', 671: 'C']
[864: 'C', 867: 'G']
[618: 'T', 671: 'C']
[171: 'T', 671: 'C']
[542: 'T', 711: 'T']
[3: 'G', 711: 'T']
[537: 'T', 671: 'C']
[565: 'T', 671: 'C']
[599: 'C', 618: 'T']
[408: 'A', 599: 'C']
[671: 'C', 961: 'C']
[604: 'C', 867: 'G']
[420: 'T', 867: 'G']
[546: 'A', 711: 'T']
[545: 'G', 867: 'G']
[175: 'C', 867: 'G']
