Maximum undetermined nucleotides allowed: 25
Length of the alignment: 658
Read in 222 sequences
focus taxa: ['devoizei', 'musivum', 'legitima', 'cingulifera', 'conotaxis', 'devoizei_cf.', 'olangoensis', 'notata', 'kingae', 'millepunctata', 'marquisensis'] 11
Cutoff set as: >1
Number iterations of MolD set as: 25000
Maximum length of raw pDNCs set as: 12
Maximum length of refined pDNCs set as: 5

************ devoizei ************
Sequences analyzed: 7
Total pDNCs identified: 1850 Independent pDNCs: 12
[259: 'C']
[226: 'C']
[271: 'C']
[382: 'G']
[349: 'G', 493: 'T']
[217: 'G', 367: 'C']
[88: 'A', 607: 'C']
[511: 'A', 646: 'C']
[385: 'C', 433: 'A', 592: 'G']
[212: 'T', 343: 'T', 418: 'T']
[241: 'A', 307: 'G', 634: 'T']
[130: 'A', 289: 'C', 565: 'A', 577: 'G', 631: 'A']
Key positions: 0 []
25 shortest pDNCs:
[226: 'C']
[259: 'C']
[271: 'C']
[382: 'G']
[349: 'G', 493: 'T']
[197: 'C', 493: 'T']
[217: 'G', 367: 'C']
[88: 'A', 607: 'C']
[88: 'A', 634: 'T']
[493: 'T', 634: 'T']
[88: 'A', 290: 'C']
[511: 'A', 646: 'C']
[88: 'A', 568: 'C']
[331: 'G', 646: 'C']
[334: 'C', 493: 'T']
[289: 'C', 367: 'C']
[61: 'C', 646: 'C']
[88: 'A', 592: 'G']
[568: 'C', 646: 'C']
[73: 'G', 367: 'C']
[88: 'A', 595: 'C']
[88: 'A', 448: 'T']
[212: 'T', 349: 'G']
[367: 'C', 646: 'C']
[493: 'T', 595: 'C']

************ musivum ************
Sequences analyzed: 41
Total pDNCs identified: 711 Independent pDNCs: 7
[277: 'G']
[91: 'A']
[424: 'C', 634: 'C']
[157: 'T', 607: 'T']
[64: 'C', 281: 'C', 421: 'T']
[61: 'T', 328: 'A', 649: 'G', 658: 'T']
[73: 'G', 154: 'T', 403: 'G', 418: 'C']
Key positions: 0 []
25 shortest pDNCs:
[91: 'A']
[277: 'G']
[424: 'C', 634: 'C']
[157: 'T', 607: 'T']
[46: 'T', 385: 'C', 607: 'T']
[46: 'T', 64: 'C', 607: 'T']
[281: 'C', 322: 'T', 607: 'T']
[154: 'T', 403: 'G', 424: 'C']
[265: 'A', 418: 'C', 634: 'C']
[328: 'A', 547: 'T', 607: 'T']
[403: 'G', 607: 'T', 610: 'T']
[421: 'T', 469: 'A', 607: 'T']
[284: 'T', 607: 'T', 628: 'T']
[35: 'C', 100: 'T', 607: 'T']
[421: 'T', 607: 'T', 616: 'T']
[284: 'T', 406: 'T', 607: 'T']
[385: 'C', 607: 'T', 634: 'C']
[46: 'T', 535: 'G', 607: 'T']
[61: 'T', 184: 'A', 607: 'T']
[403: 'G', 607: 'T', 616: 'T']
[31: 'T', 35: 'C', 607: 'T']
[166: 'A', 607: 'T', 634: 'C']
[61: 'T', 70: 'T', 607: 'T']
[421: 'T', 607: 'T', 610: 'T']
[61: 'T', 112: 'G', 607: 'T']

************ legitima ************
Sequences analyzed: 66
Total pDNCs identified: 2453 Independent pDNCs: 47
[31: 'C']
[5: 'C']
[70: 'C']
[133: 'T']
[151: 'C']
[166: 'G']
[184: 'G']
[193: 'C']
[206: 'C']
[211: 'G']
[229: 'G']
[241: 'T']
[250: 'C']
[322: 'G']
[346: 'C']
[361: 'G']
[407: 'C']
[418: 'G']
[430: 'G']
[484: 'A']
[539: 'T']
[541: 'A']
[547: 'C']
[556: 'T']
[628: 'A']
[85: 'C', 199: 'G']
[502: 'G', 607: 'T']
[334: 'T', 616: 'C']
[448: 'C', 581: 'T']
[64: 'T', 478: 'G']
[307: 'G', 406: 'C']
[217: 'A', 469: 'G']
[112: 'A', 355: 'A']
[347: 'T', 598: 'A']
[511: 'A', 601: 'C']
[100: 'C', 127: 'A']
[88: 'A', 157: 'C']
[517: 'A', 610: 'C']
[49: 'T', 535: 'A']
[290: 'T', 493: 'T']
[103: 'T', 343: 'T']
[197: 'T', 367: 'C']
[73: 'A', 433: 'G']
[61: 'T', 385: 'T']
[13: 'T', 274: 'T', 289: 'T']
[466: 'A', 562: 'A', 592: 'A', 619: 'A']
[259: 'T', 263: 'T', 281: 'C', 631: 'A']
Key positions: 0 []
25 shortest pDNCs:
[5: 'C']
[31: 'C']
[70: 'C']
[133: 'T']
[151: 'C']
[166: 'G']
[184: 'G']
[193: 'C']
[206: 'C']
[211: 'G']
[229: 'G']
[241: 'T']
[250: 'C']
[322: 'G']
[346: 'C']
[361: 'G']
[407: 'C']
[418: 'G']
[430: 'G']
[484: 'A']
[539: 'T']
[541: 'A']
[547: 'C']
[556: 'T']
[628: 'A']

************ cingulifera ************
Sequences analyzed: 53
Total pDNCs identified: 2476 Independent pDNCs: 12
[466: 'G']
[265: 'G']
[607: 'A']
[307: 'G', 616: 'T']
[290: 'T', 334: 'C']
[199: 'G', 322: 'T']
[457: 'C', 598: 'T']
[263: 'C', 289: 'T']
[103: 'C', 391: 'C', 619: 'A']
[281: 'C', 469: 'A', 562: 'A']
[64: 'T', 385: 'C', 634: 'C']
[7: 'A', 73: 'G', 631: 'A']
Key positions: 0 []
25 shortest pDNCs:
[265: 'G']
[466: 'G']
[607: 'A']
[307: 'G', 616: 'T']
[290: 'T', 334: 'C']
[199: 'G', 322: 'T']
[457: 'C', 598: 'T']
[346: 'T', 457: 'C']
[430: 'A', 457: 'C']
[457: 'C', 601: 'T']
[457: 'C', 610: 'T']
[166: 'A', 199: 'G']
[457: 'C', 493: 'C']
[70: 'T', 457: 'C']
[290: 'T', 610: 'T']
[193: 'T', 199: 'G']
[295: 'A', 457: 'C']
[334: 'C', 616: 'T']
[457: 'C', 469: 'A']
[367: 'T', 457: 'C']
[199: 'G', 601: 'T']
[199: 'G', 556: 'G']
[199: 'G', 547: 'T']
[229: 'A', 457: 'C']
[31: 'T', 457: 'C']

************ conotaxis ************
Sequences analyzed: 8
Total pDNCs identified: 437 Independent pDNCs: 4
[334: 'T', 418: 'T']
[64: 'C', 73: 'G', 424: 'T']
[281: 'T', 403: 'G', 613: 'C']
[46: 'T', 286: 'G', 328: 'A', 607: 'C']
Key positions: 0 []
25 shortest pDNCs:
[334: 'T', 418: 'T']
[281: 'T', 418: 'T']
[64: 'C', 418: 'T']
[64: 'C', 73: 'G', 424: 'T']
[418: 'T', 562: 'G', 595: 'T']
[418: 'T', 457: 'T', 568: 'T']
[199: 'A', 286: 'G', 418: 'T']
[418: 'T', 457: 'T', 598: 'T']
[281: 'T', 424: 'T', 613: 'C']
[265: 'A', 418: 'T', 595: 'T']
[286: 'G', 418: 'T', 581: 'T']
[418: 'T', 502: 'A', 568: 'T']
[418: 'T', 607: 'C', 643: 'A']
[199: 'A', 418: 'T', 598: 'T']
[418: 'T', 457: 'T', 643: 'A']
[418: 'T', 448: 'T', 469: 'A']
[263: 'T', 418: 'T', 646: 'T']
[265: 'A', 418: 'T', 469: 'A']
[199: 'A', 418: 'T', 643: 'A']
[286: 'G', 290: 'C', 418: 'T']
[418: 'T', 562: 'G', 598: 'T']
[263: 'T', 307: 'A', 418: 'T']
[418: 'T', 448: 'T', 598: 'T']
[289: 'C', 418: 'T', 568: 'T']
[197: 'T', 289: 'C', 418: 'T']

************ devoizei_cf. ************
Sequences analyzed: 5
Total pDNCs identified: 863 Independent pDNCs: 8
[565: 'G', 613: 'C']
[49: 'C', 385: 'T']
[253: 'A', 343: 'C']
[199: 'A', 307: 'G', 367: 'T']
[349: 'A', 433: 'A', 595: 'C']
[212: 'T', 382: 'A', 418: 'T']
[19: 'T', 592: 'G', 631: 'A', 646: 'T']
[88: 'G', 157: 'T', 466: 'A', 562: 'A', 577: 'G']
Key positions: 0 []
25 shortest pDNCs:
[49: 'C', 385: 'T']
[85: 'T', 385: 'T']
[250: 'T', 385: 'T']
[565: 'G', 613: 'C']
[457: 'T', 565: 'G']
[112: 'G', 565: 'G']
[343: 'C', 613: 'C']
[289: 'C', 385: 'T']
[253: 'A', 343: 'C']
[61: 'C', 343: 'C']
[211: 'A', 385: 'T']
[343: 'C', 517: 'A']
[367: 'T', 385: 'T']
[154: 'T', 343: 'C']
[289: 'C', 565: 'G']
[343: 'C', 586: 'T']
[391: 'T', 565: 'G']
[385: 'T', 565: 'G']
[212: 'T', 565: 'G']
[263: 'C', 343: 'C']
[265: 'A', 565: 'G']
[343: 'C', 529: 'T']
[343: 'C', 619: 'A']
[385: 'T', 418: 'T']
[343: 'C', 347: 'C']

************ olangoensis ************
Sequences analyzed: 30
Total pDNCs identified: 170 Independent pDNCs: 5
[421: 'A']
[403: 'A']
[118: 'T', 418: 'C', 613: 'C']
[103: 'C', 424: 'C', 634: 'T']
[197: 'T', 478: 'A', 556: 'G', 649: 'G', 658: 'T']
Key positions: 0 []
25 shortest pDNCs:
[403: 'A']
[421: 'A']
[118: 'T', 418: 'C', 613: 'C']
[103: 'C', 424: 'C', 634: 'T']
[424: 'C', 598: 'T', 634: 'T']
[277: 'A', 424: 'C', 511: 'G']
[127: 'A', 277: 'A', 424: 'C']
[418: 'C', 500: 'T', 613: 'C']
[301: 'T', 424: 'C', 634: 'T']
[91: 'G', 301: 'T', 424: 'C']
[154: 'T', 277: 'A', 424: 'C']
[91: 'G', 424: 'C', 511: 'G']
[277: 'A', 424: 'C', 529: 'T']
[286: 'G', 424: 'C', 634: 'T']
[91: 'G', 253: 'A', 424: 'C']
[91: 'G', 424: 'C', 613: 'C']
[91: 'G', 347: 'C', 424: 'C']
[277: 'A', 286: 'G', 424: 'C']
[118: 'T', 424: 'C', 613: 'C']
[197: 'T', 418: 'C', 613: 'C']
[424: 'C', 517: 'A', 634: 'T']
[277: 'A', 290: 'C', 424: 'C']
[91: 'G', 424: 'C', 619: 'A']
[424: 'C', 631: 'G', 634: 'T']
[424: 'C', 529: 'T', 634: 'T']

************ notata ************
Sequences analyzed: 2
Total pDNCs identified: 2770 Independent pDNCs: 20
[359: 'C']
[235: 'C']
[619: 'T']
[355: 'G', 370: 'C']
[280: 'G', 316: 'A']
[448: 'T', 601: 'C']
[376: 'T', 550: 'G']
[82: 'G', 607: 'C']
[197: 'C', 281: 'T']
[469: 'A', 577: 'A']
[290: 'C', 391: 'C']
[616: 'C', 643: 'A']
[367: 'C', 418: 'C']
[73: 'A', 334: 'C']
[289: 'T', 634: 'T']
[199: 'A', 286: 'A', 598: 'T']
[307: 'A', 610: 'T', 649: 'A']
[265: 'A', 511: 'G', 631: 'A']
[13: 'C', 424: 'T', 466: 'A', 613: 'T']
[64: 'T', 103: 'C', 263: 'T', 271: 'T', 328: 'A']
Key positions: 0 []
25 shortest pDNCs:
[235: 'C']
[359: 'C']
[619: 'T']
[355: 'G', 370: 'C']
[280: 'G', 316: 'A']
[448: 'T', 601: 'C']
[376: 'T', 550: 'G']
[82: 'G', 607: 'C']
[334: 'C', 601: 'C']
[511: 'G', 550: 'G']
[197: 'C', 281: 'T']
[82: 'G', 281: 'T']
[280: 'G', 460: 'T']
[469: 'A', 577: 'A']
[601: 'C', 607: 'C']
[280: 'G', 457: 'T']
[469: 'A', 601: 'C']
[290: 'C', 391: 'C']
[616: 'C', 643: 'A']
[367: 'C', 418: 'C']
[73: 'A', 334: 'C']
[289: 'T', 577: 'A']
[355: 'G', 577: 'A']
[280: 'G', 347: 'C']
[280: 'G', 634: 'T']

************ kingae ************
Sequences analyzed: 3
Total pDNCs identified: 1218 Independent pDNCs: 7
[307: 'A', 595: 'C']
[217: 'G', 433: 'G']
[212: 'C', 511: 'A', 607: 'C']
[259: 'T', 385: 'C', 469: 'G']
[367: 'T', 565: 'A', 598: 'A']
[343: 'T', 493: 'C', 643: 'G']
[241: 'A', 263: 'C', 382: 'A', 634: 'T']
Key positions: 0 []
25 shortest pDNCs:
[217: 'G', 433: 'G']
[307: 'A', 595: 'C']
[433: 'G', 595: 'C']
[212: 'C', 595: 'C']
[307: 'A', 643: 'G']
[433: 'G', 568: 'C']
[418: 'T', 433: 'G']
[263: 'C', 307: 'A']
[307: 'A', 568: 'C']
[307: 'A', 598: 'A']
[307: 'A', 469: 'G']
[7: 'G', 241: 'A', 433: 'G']
[7: 'G', 346: 'T', 433: 'G']
[346: 'T', 355: 'A', 433: 'G']
[212: 'C', 511: 'A', 607: 'C']
[347: 'C', 433: 'G', 616: 'C']
[13: 'C', 212: 'C', 643: 'G']
[322: 'T', 355: 'A', 433: 'G']
[85: 'T', 433: 'G', 511: 'A']
[385: 'C', 433: 'G', 469: 'G']
[197: 'C', 433: 'G', 469: 'G']
[212: 'C', 263: 'C', 457: 'T']
[212: 'C', 469: 'G', 649: 'G']
[112: 'G', 424: 'T', 433: 'G']
[407: 'T', 433: 'G', 469: 'G']

************ millepunctata ************
Sequences analyzed: 5
Total pDNCs identified: 2518 Independent pDNCs: 24
[253: 'G']
[127: 'T']
[319: 'C']
[376: 'C']
[529: 'C']
[586: 'C']
[598: 'C']
[619: 'C']
[130: 'G', 361: 'A']
[406: 'T', 610: 'C']
[517: 'G', 649: 'A']
[85: 'C', 268: 'C']
[7: 'G', 613: 'T']
[301: 'C', 304: 'G']
[154: 'C', 334: 'T']
[103: 'T', 562: 'G']
[281: 'T', 290: 'T']
[284: 'C', 343: 'C']
[289: 'C', 347: 'T']
[286: 'A', 424: 'C']
[118: 'T', 212: 'T', 643: 'A']
[217: 'A', 511: 'A', 607: 'C']
[197: 'T', 448: 'T', 631: 'A']
[13: 'C', 64: 'T', 367: 'T', 418: 'C', 433: 'A']
Key positions: 0 []
25 shortest pDNCs:
[127: 'T']
[253: 'G']
[319: 'C']
[376: 'C']
[529: 'C']
[586: 'C']
[598: 'C']
[619: 'C']
[130: 'G', 361: 'A']
[130: 'G', 539: 'C']
[406: 'T', 610: 'C']
[355: 'G', 610: 'C']
[517: 'G', 649: 'A']
[85: 'C', 268: 'C']
[7: 'G', 613: 'T']
[85: 'C', 361: 'A']
[85: 'C', 151: 'T']
[130: 'G', 199: 'A']
[493: 'C', 517: 'G']
[284: 'C', 517: 'G']
[301: 'C', 304: 'G']
[85: 'C', 562: 'G']
[154: 'C', 334: 'T']
[7: 'G', 268: 'C']
[562: 'G', 610: 'C']

************ marquisensis ************
Sequences analyzed: 2
Total pDNCs identified: 800 Independent pDNCs: 9
[556: 'A']
[30: 'T']
[355: 'G', 406: 'C']
[73: 'A', 286: 'G']
[328: 'G', 421: 'T']
[13: 'T', 418: 'C']
[281: 'T', 613: 'T', 619: 'A']
[334: 'T', 424: 'T', 649: 'G', 658: 'T']
[4: 'A', 347: 'C', 403: 'G', 616: 'T', 634: 'T']
Key positions: 0 []
25 shortest pDNCs:
[30: 'T']
[556: 'A']
[355: 'G', 406: 'C']
[73: 'A', 286: 'G']
[199: 'A', 406: 'C']
[328: 'G', 421: 'T']
[184: 'A', 406: 'C']
[289: 'C', 406: 'C']
[112: 'G', 406: 'C']
[193: 'T', 406: 'C']
[347: 'C', 406: 'C']
[367: 'T', 406: 'C']
[406: 'C', 634: 'T']
[406: 'C', 539: 'C']
[284: 'T', 328: 'G']
[406: 'C', 541: 'T']
[73: 'A', 367: 'T']
[406: 'C', 448: 'T']
[328: 'G', 424: 'T']
[157: 'T', 406: 'C']
[406: 'C', 469: 'A']
[406: 'C', 478: 'A']
[211: 'A', 406: 'C']
[379: 'A', 406: 'C']
[13: 'T', 418: 'C']
