########################## PARAMETERS ######################
input file: D:\reMOLD\Tanytarsus_CAD.fas
Coding gaps as characters: False
Maximum undetermined nucleotides allowed: 50
Length of the alignment: 909
Read in 180 sequences
query taxa: 88 - aculeatus, adustus, aigos, albisutus, anderseni, angulatus, bathophilus, bispinosus, biwatrifurcus, brundini, buchonius, cf.riopreto, clivosus, curticornis, curvicristatus, debilis, dendyi, edwardi, ejuncidus, eminulus, excavatus, fastigatus, formosanus, fuscithorax, giovannii, gregarius, hamatus, hastatus, heberti, herrmanni, heusdensis, hjulorum, inaequalis, innarensis, iriolemeus, jacaretingensis, kiche, lestagei, longitarsis, longitubuli, luctuosus, lugens, madeiraensis, mcmillani, medius, miriforceps, motosuensis, nemorosus, niger, nigricollis, obiriciae, occultus, okuboi, ortoni, oscillans, ovatus, palettaris, pallidicornis, pallidulus, pandus, paraniger, pseudoheusdensis, recurvatus, reei, rhabdomantis, shouautumnalis, shoudigitatus, signatus, simantoseteus, simantoteuus, sinuatus, songi, spadiceonotatus, striatulus, sylvaticus, tamaduodecimus, tamakutibasi, tamaoctavus, tamaundecimus, thaicus, thomasi, tongmuensis, usmaensis, verralli, volgensis, wangi, wirthi, yunosecundus
Cutoff set as: 100
Number iterations of MolD set as: 10000
Maximum length of raw pDNCs set as: 12
Maximum length of refined pDNCs set as: 5
simulated sequences up to 1 percent divergent from original ones
Maximum number of sequences modified per clade 10
moderate scoring of the sDNCs; threshold in two consequtive runs: 75

########################### RESULTS ##########################

************** aculeatus **************
Sequences analyzed: 2
single nucleotide pDNCs: 3 - 221: 'C', 754: 'A', 891: 'C'
pDNCs retrieved : 5690; Positions involved: 100; Independent pDNCs: 39
Shortest retrieved diagnostic combination: [221: 'C']
1 sDNC_score (100): [221] - 0
2 sDNC_score (100): [221, 754] - 78
3 sDNC_score (100): [221, 754, 891] - 97
final sDNC: [221: 'C', 754: 'A', 891: 'C']

************** adustus **************
Sequences analyzed: 1
single nucleotide pDNCs: 3 - 541: 'G', 877: 'T', 878: 'C'
pDNCs retrieved : 5273; Positions involved: 100; Independent pDNCs: 37
Shortest retrieved diagnostic combination: [541: 'G']
1 sDNC_score (100): [541] - 0
2 sDNC_score (100): [541, 877] - 94
3 sDNC_score (100): [541, 877, 878] - 99
final sDNC: [541: 'G', 877: 'T', 878: 'C']

************** aigos **************
Sequences analyzed: 2
single nucleotide pDNCs: 0 - 
pDNCs retrieved : 5752; Positions involved: 100; Independent pDNCs: 19
Shortest retrieved diagnostic combination: [562: 'C', 657: 'T']
2 sDNC_score (100): [387, 171] - 80
3 sDNC_score (100): [387, 171, 562] - 89
final sDNC: [171: 'A', 387: 'A', 562: 'C']

************** albisutus **************
Sequences analyzed: 1
single nucleotide pDNCs: 2 - 10: 'C', 819: 'A'
pDNCs retrieved : 4581; Positions involved: 100; Independent pDNCs: 42
Shortest retrieved diagnostic combination: [10: 'C']
1 sDNC_score (100): [10] - 0
2 sDNC_score (100): [10, 819] - 89
3 sDNC_score (100): [10, 819, 817] - 97
final sDNC: [10: 'C', 817: 'T', 819: 'A']

************** anderseni **************
Sequences analyzed: 2
single nucleotide pDNCs: 1 - 705: 'G'
pDNCs retrieved : 5878; Positions involved: 100; Independent pDNCs: 32
Shortest retrieved diagnostic combination: [705: 'G']
1 sDNC_score (100): [705] - 81
2 sDNC_score (100): [705, 750] - 89
final sDNC: [705: 'G', 750: 'C']

************** angulatus **************
Sequences analyzed: 2
single nucleotide pDNCs: 2 - 204: 'C', 425: 'G'
pDNCs retrieved : 6601; Positions involved: 100; Independent pDNCs: 33
Shortest retrieved diagnostic combination: [204: 'C']
1 sDNC_score (100): [204] - 58
2 sDNC_score (100): [204, 425] - 94
3 sDNC_score (100): [204, 425, 486] - 96
final sDNC: [204: 'C', 425: 'G', 486: 'A']

************** bathophilus **************
Sequences analyzed: 2
single nucleotide pDNCs: 0 - 
pDNCs retrieved : 2139; Positions involved: 100; Independent pDNCs: 4
Shortest retrieved diagnostic combination: [436: 'A', 827: 'T']
2 sDNC_score (100): [240, 436] - 0
3 sDNC_score (100): [240, 436, 638] - 1
4 sDNC_score (100): [240, 436, 638, 827] - 76
5 sDNC_score (100): [240, 436, 638, 827, 110] - 95
final sDNC: [110: 'T', 240: 'T', 436: 'A', 638: 'G', 827: 'T']

************** bispinosus **************
Sequences analyzed: 1
single nucleotide pDNCs: 5 - 88: 'G', 97: 'A', 98: 'C', 715: 'C', 716: 'C'
pDNCs retrieved : 5182; Positions involved: 100; Independent pDNCs: 42
Shortest retrieved diagnostic combination: [88: 'G']
1 sDNC_score (100): [88] - 51
2 sDNC_score (100): [88, 97] - 85
3 sDNC_score (100): [88, 97, 98] - 100
final sDNC: [88: 'G', 97: 'A', 98: 'C']

************** biwatrifurcus **************
Sequences analyzed: 2
single nucleotide pDNCs: 1 - 400: 'T'
pDNCs retrieved : 6786; Positions involved: 100; Independent pDNCs: 34
Shortest retrieved diagnostic combination: [400: 'T']
1 sDNC_score (100): [400] - 69
2 sDNC_score (100): [400, 401] - 94
3 sDNC_score (100): [400, 401, 603] - 98
final sDNC: [400: 'T', 401: 'C', 603: 'G']

************** brundini **************
Sequences analyzed: 10
single nucleotide pDNCs: 0 - 
pDNCs retrieved : 1040; Positions involved: 100; Independent pDNCs: 4
Shortest retrieved diagnostic combination: [303: 'C', 825: 'C']
2 sDNC_score (100): [525, 465] - 0
3 sDNC_score (100): [525, 465, 825] - 85
4 sDNC_score (100): [525, 465, 825, 603] - 93
final sDNC: [465: 'G', 525: 'C', 603: 'G', 825: 'C']

************** buchonius **************
Sequences analyzed: 1
single nucleotide pDNCs: 1 - 596: 'G'
pDNCs retrieved : 4681; Positions involved: 100; Independent pDNCs: 29
Shortest retrieved diagnostic combination: [596: 'G']
1 sDNC_score (100): [596] - 0
2 sDNC_score (100): [596, 539] - 69
3 sDNC_score (100): [596, 539, 590] - 98
4 sDNC_score (100): [596, 539, 590, 219] - 96
final sDNC: [539: 'A', 590: 'C', 596: 'G']

************** cf.riopreto **************
Sequences analyzed: 1
single nucleotide pDNCs: 2 - 197: 'T', 198: 'T'
pDNCs retrieved : 4770; Positions involved: 100; Independent pDNCs: 40
Shortest retrieved diagnostic combination: [197: 'T']
1 sDNC_score (100): [197] - 0
2 sDNC_score (100): [197, 198] - 81
3 sDNC_score (100): [197, 198, 630] - 97
final sDNC: [197: 'T', 198: 'T', 630: 'T']

************** clivosus **************
Sequences analyzed: 1
single nucleotide pDNCs: 1 - 15: 'C'
pDNCs retrieved : 4838; Positions involved: 100; Independent pDNCs: 32
Shortest retrieved diagnostic combination: [15: 'C']
1 sDNC_score (100): [15] - 56
2 sDNC_score (100): [15, 505] - 90
3 sDNC_score (100): [15, 505, 21] - 98
final sDNC: [15: 'C', 21: 'A', 505: 'A']

************** curticornis **************
Sequences analyzed: 1
single nucleotide pDNCs: 1 - 136: 'G'
pDNCs retrieved : 4108; Positions involved: 100; Independent pDNCs: 21
Shortest retrieved diagnostic combination: [136: 'G']
1 sDNC_score (100): [136] - 3
2 sDNC_score (100): [136, 687] - 81
3 sDNC_score (100): [136, 687, 312] - 95
final sDNC: [136: 'G', 312: 'C', 687: 'C']

************** curvicristatus **************
Sequences analyzed: 2
single nucleotide pDNCs: 11 - 67: 'G', 69: 'A', 375: 'C', 564: 'T', 579: 'C', 599: 'G', 600: 'T', 627: 'A', 769: 'A', 770: 'C', 813: 'C'
pDNCs retrieved : 3450; Positions involved: 100; Independent pDNCs: 49
Shortest retrieved diagnostic combination: [67: 'G']
1 sDNC_score (100): [67] - 0
2 sDNC_score (100): [67, 69] - 87
3 sDNC_score (100): [67, 69, 375] - 99
final sDNC: [67: 'G', 69: 'A', 375: 'C']

************** debilis **************
Sequences analyzed: 2
single nucleotide pDNCs: 1 - 57: 'G'
pDNCs retrieved : 4978; Positions involved: 100; Independent pDNCs: 24
Shortest retrieved diagnostic combination: [57: 'G']
1 sDNC_score (100): [57] - 84
2 sDNC_score (100): [57, 201] - 92
final sDNC: [57: 'G', 201: 'G']

************** dendyi **************
Sequences analyzed: 2
single nucleotide pDNCs: 0 - 
pDNCs retrieved : 5020; Positions involved: 100; Independent pDNCs: 32
Shortest retrieved diagnostic combination: [24: 'C', 641: 'A']
2 sDNC_score (100): [429, 219] - 88
3 sDNC_score (100): [429, 219, 117] - 96
final sDNC: [117: 'T', 219: 'C', 429: 'G']

************** edwardi **************
Sequences analyzed: 1
single nucleotide pDNCs: 2 - 495: 'G', 864: 'A'
pDNCs retrieved : 6769; Positions involved: 100; Independent pDNCs: 34
Shortest retrieved diagnostic combination: [495: 'G']
1 sDNC_score (100): [495] - 87
2 sDNC_score (100): [495, 864] - 100
final sDNC: [495: 'G', 864: 'A']

************** ejuncidus **************
Sequences analyzed: 2
single nucleotide pDNCs: 1 - 403: 'T'
pDNCs retrieved : 5281; Positions involved: 100; Independent pDNCs: 24
Shortest retrieved diagnostic combination: [403: 'T']
1 sDNC_score (100): [403] - 8
2 sDNC_score (100): [403, 408] - 86
3 sDNC_score (100): [403, 408, 3] - 100
final sDNC: [3: 'G', 403: 'T', 408: 'A']

************** eminulus **************
Sequences analyzed: 1
single nucleotide pDNCs: 1 - 443: 'T'
pDNCs retrieved : 6209; Positions involved: 100; Independent pDNCs: 26
Shortest retrieved diagnostic combination: [443: 'T']
1 sDNC_score (100): [443] - 0
2 sDNC_score (100): [443, 804] - 76
3 sDNC_score (100): [443, 804, 762] - 81
final sDNC: [443: 'T', 762: 'G', 804: 'A']

************** excavatus **************
Sequences analyzed: 1
single nucleotide pDNCs: 3 - 108: 'C', 696: 'C', 795: 'G'
pDNCs retrieved : 6223; Positions involved: 100; Independent pDNCs: 30
Shortest retrieved diagnostic combination: [108: 'C']
1 sDNC_score (100): [108] - 80
2 sDNC_score (100): [108, 696] - 93
final sDNC: [108: 'C', 696: 'C']

************** fastigatus **************
Sequences analyzed: 1
single nucleotide pDNCs: 5 - 153: 'C', 412: 'T', 493: 'A', 588: 'G', 611: 'G'
pDNCs retrieved : 3910; Positions involved: 100; Independent pDNCs: 46
Shortest retrieved diagnostic combination: [153: 'C']
1 sDNC_score (100): [153] - 61
2 sDNC_score (100): [153, 412] - 92
3 sDNC_score (100): [153, 412, 493] - 98
final sDNC: [153: 'C', 412: 'T', 493: 'A']

************** formosanus **************
Sequences analyzed: 2
single nucleotide pDNCs: 2 - 137: 'T', 603: 'A'
pDNCs retrieved : 6410; Positions involved: 100; Independent pDNCs: 35
Shortest retrieved diagnostic combination: [137: 'T']
1 sDNC_score (100): [137] - 0
2 sDNC_score (100): [137, 603] - 93
3 sDNC_score (100): [137, 603, 747] - 97
final sDNC: [137: 'T', 603: 'A', 747: 'G']

************** fuscithorax **************
Sequences analyzed: 2
single nucleotide pDNCs: 3 - 89: 'G', 567: 'A', 625: 'A'
pDNCs retrieved : 5336; Positions involved: 100; Independent pDNCs: 35
Shortest retrieved diagnostic combination: [89: 'G']
1 sDNC_score (100): [89] - 0
2 sDNC_score (100): [89, 567] - 87
3 sDNC_score (100): [89, 567, 625] - 99
final sDNC: [89: 'G', 567: 'A', 625: 'A']

************** giovannii **************
Sequences analyzed: 1
single nucleotide pDNCs: 8 - 45: 'G', 142: 'C', 212: 'G', 259: 'G', 533: 'C', 648: 'G', 881: 'G', 905: 'A'
pDNCs retrieved : 4258; Positions involved: 100; Independent pDNCs: 48
Shortest retrieved diagnostic combination: [45: 'G']
1 sDNC_score (100): [45] - 60
2 sDNC_score (100): [45, 142] - 88
3 sDNC_score (100): [45, 142, 212] - 98
final sDNC: [45: 'G', 142: 'C', 212: 'G']

************** gregarius **************
Sequences analyzed: 1
single nucleotide pDNCs: 1 - 513: 'A'
pDNCs retrieved : 3818; Positions involved: 100; Independent pDNCs: 15
Shortest retrieved diagnostic combination: [513: 'A']
1 sDNC_score (100): [513] - 66
2 sDNC_score (100): [513, 498] - 92
3 sDNC_score (100): [513, 498, 840] - 97
final sDNC: [498: 'G', 513: 'A', 840: 'C']

************** hamatus **************
Sequences analyzed: 2
single nucleotide pDNCs: 0 - 
pDNCs retrieved : 6085; Positions involved: 100; Independent pDNCs: 28
Shortest retrieved diagnostic combination: [93: 'G', 189: 'T']
2 sDNC_score (100): [93, 804] - 87
3 sDNC_score (100): [93, 804, 186] - 99
final sDNC: [93: 'G', 186: 'C', 804: 'A']

************** hastatus **************
Sequences analyzed: 1
single nucleotide pDNCs: 3 - 319: 'C', 527: 'C', 528: 'A'
pDNCs retrieved : 4582; Positions involved: 100; Independent pDNCs: 43
Shortest retrieved diagnostic combination: [319: 'C']
1 sDNC_score (100): [319] - 78
2 sDNC_score (100): [319, 527] - 89
final sDNC: [319: 'C', 527: 'C']

************** heberti **************
Sequences analyzed: 1
single nucleotide pDNCs: 3 - 241: 'G', 598: 'G', 890: 'G'
pDNCs retrieved : 4516; Positions involved: 100; Independent pDNCs: 19
Shortest retrieved diagnostic combination: [241: 'G']
1 sDNC_score (100): [241] - 0
2 sDNC_score (100): [241, 598] - 84
3 sDNC_score (100): [241, 598, 890] - 98
final sDNC: [241: 'G', 598: 'G', 890: 'G']

************** herrmanni **************
Sequences analyzed: 2
single nucleotide pDNCs: 0 - 
pDNCs retrieved : 5054; Positions involved: 100; Independent pDNCs: 23
Shortest retrieved diagnostic combination: [219: 'G', 397: 'T']
2 sDNC_score (100): [835, 361] - 72
3 sDNC_score (100): [835, 361, 30] - 86
4 sDNC_score (100): [835, 361, 30, 397] - 92
final sDNC: [30: 'C', 361: 'A', 397: 'T', 835: 'A']

************** heusdensis **************
Sequences analyzed: 3
single nucleotide pDNCs: 0 - 
pDNCs retrieved : 6293; Positions involved: 100; Independent pDNCs: 27
Shortest retrieved diagnostic combination: [87: 'A', 435: 'C']
2 sDNC_score (100): [591, 435] - 55
3 sDNC_score (100): [591, 435, 804] - 92
4 sDNC_score (100): [591, 435, 804, 249] - 99
final sDNC: [249: 'A', 435: 'C', 591: 'A', 804: 'A']

************** hjulorum **************
Sequences analyzed: 1
single nucleotide pDNCs: 4 - 233: 'T', 294: 'T', 448: 'A', 627: 'G'
pDNCs retrieved : 5048; Positions involved: 100; Independent pDNCs: 43
Shortest retrieved diagnostic combination: [233: 'T']
1 sDNC_score (100): [233] - 2
2 sDNC_score (100): [233, 294] - 93
3 sDNC_score (100): [233, 294, 448] - 99
final sDNC: [233: 'T', 294: 'T', 448: 'A']

************** inaequalis **************
Sequences analyzed: 2
single nucleotide pDNCs: 0 - 
pDNCs retrieved : 3604; Positions involved: 100; Independent pDNCs: 13
Shortest retrieved diagnostic combination: [638: 'G', 827: 'C']
2 sDNC_score (100): [84, 480] - 85
3 sDNC_score (100): [84, 480, 429] - 95
final sDNC: [84: 'C', 429: 'T', 480: 'G']

************** innarensis **************
Sequences analyzed: 1
single nucleotide pDNCs: 2 - 4: 'A', 902: 'C'
pDNCs retrieved : 5161; Positions involved: 100; Independent pDNCs: 29
Shortest retrieved diagnostic combination: [4: 'A']
1 sDNC_score (100): [4] - 0
2 sDNC_score (100): [4, 902] - 83
3 sDNC_score (100): [4, 902, 258] - 100
final sDNC: [4: 'A', 258: 'T', 902: 'C']

************** iriolemeus **************
Sequences analyzed: 2
single nucleotide pDNCs: 1 - 209: 'T'
pDNCs retrieved : 7160; Positions involved: 100; Independent pDNCs: 34
Shortest retrieved diagnostic combination: [209: 'T']
1 sDNC_score (100): [209] - 0
2 sDNC_score (100): [209, 882] - 61
3 sDNC_score (100): [209, 882, 177] - 95
4 sDNC_score (100): [209, 882, 177, 96] - 93
final sDNC: [177: 'C', 209: 'T', 882: 'A']

************** jacaretingensis **************
Sequences analyzed: 2
single nucleotide pDNCs: 5 - 154: 'A', 336: 'C', 504: 'C', 631: 'G', 702: 'T'
pDNCs retrieved : 3984; Positions involved: 100; Independent pDNCs: 47
Shortest retrieved diagnostic combination: [154: 'A']
1 sDNC_score (100): [154] - 0
2 sDNC_score (100): [154, 336] - 91
3 sDNC_score (100): [154, 336, 504] - 100
final sDNC: [154: 'A', 336: 'C', 504: 'C']

************** kiche **************
Sequences analyzed: 2
single nucleotide pDNCs: 0 - 
pDNCs retrieved : 5687; Positions involved: 100; Independent pDNCs: 36
Shortest retrieved diagnostic combination: [753: 'C', 810: 'G']
2 sDNC_score (100): [153, 345] - 78
3 sDNC_score (100): [153, 345, 117] - 99
final sDNC: [117: 'T', 153: 'G', 345: 'G']

************** lestagei **************
Sequences analyzed: 1
single nucleotide pDNCs: 0 - 
pDNCs retrieved : 4272; Positions involved: 100; Independent pDNCs: 13
Shortest retrieved diagnostic combination: [303: 'G', 822: 'C']
2 sDNC_score (100): [393, 267] - 77
3 sDNC_score (100): [393, 267, 423] - 96
final sDNC: [267: 'C', 393: 'C', 423: 'C']

************** longitarsis **************
Sequences analyzed: 2
single nucleotide pDNCs: 1 - 516: 'C'
pDNCs retrieved : 3917; Positions involved: 100; Independent pDNCs: 13
Shortest retrieved diagnostic combination: [516: 'C']
1 sDNC_score (100): [516] - 62
2 sDNC_score (100): [516, 109] - 82
3 sDNC_score (100): [516, 109, 303] - 97
final sDNC: [109: 'C', 303: 'A', 516: 'C']

************** longitubuli **************
Sequences analyzed: 2
single nucleotide pDNCs: 5 - 94: 'A', 573: 'T', 801: 'G', 847: 'T', 882: 'G'
pDNCs retrieved : 3775; Positions involved: 100; Independent pDNCs: 46
Shortest retrieved diagnostic combination: [94: 'A']
1 sDNC_score (100): [94] - 4
2 sDNC_score (100): [94, 573] - 82
3 sDNC_score (100): [94, 573, 801] - 98
final sDNC: [94: 'A', 573: 'T', 801: 'G']

************** luctuosus **************
Sequences analyzed: 2
single nucleotide pDNCs: 1 - 1: 'A'
pDNCs retrieved : 4028; Positions involved: 100; Independent pDNCs: 42
Shortest retrieved diagnostic combination: [1: 'A']
1 sDNC_score (100): [1] - 12
2 sDNC_score (100): [1, 84] - 89
3 sDNC_score (100): [1, 84, 589] - 97
final sDNC: [1: 'A', 84: 'C', 589: 'G']

************** lugens **************
Sequences analyzed: 2
single nucleotide pDNCs: 0 - 
pDNCs retrieved : 3654; Positions involved: 100; Independent pDNCs: 12
Shortest retrieved diagnostic combination: [244: 'T', 829: 'C']
2 sDNC_score (100): [426, 244] - 86
3 sDNC_score (100): [426, 244, 828] - 96
final sDNC: [244: 'T', 426: 'T', 828: 'G']

************** madeiraensis **************
Sequences analyzed: 2
single nucleotide pDNCs: 1 - 271: 'A'
pDNCs retrieved : 3283; Positions involved: 100; Independent pDNCs: 12
Shortest retrieved diagnostic combination: [271: 'A']
1 sDNC_score (100): [271] - 5
2 sDNC_score (100): [271, 519] - 76
3 sDNC_score (100): [271, 519, 319] - 81
final sDNC: [271: 'A', 319: 'G', 519: 'G']

************** mcmillani **************
Sequences analyzed: 1
single nucleotide pDNCs: 7 - 5: 'C', 6: 'A', 237: 'A', 474: 'G', 621: 'T', 812: 'G', 877: 'C'
pDNCs retrieved : 6528; Positions involved: 100; Independent pDNCs: 37
Shortest retrieved diagnostic combination: [5: 'C']
1 sDNC_score (100): [5] - 2
2 sDNC_score (100): [5, 6] - 91
3 sDNC_score (100): [5, 6, 237] - 98
final sDNC: [5: 'C', 6: 'A', 237: 'A']

************** medius **************
Sequences analyzed: 2
single nucleotide pDNCs: 0 - 
pDNCs retrieved : 4485; Positions involved: 100; Independent pDNCs: 17
Shortest retrieved diagnostic combination: [318: 'C', 319: 'G']
2 sDNC_score (100): [500, 393] - 71
3 sDNC_score (100): [500, 393, 336] - 98
4 sDNC_score (100): [500, 393, 336, 405] - 97
final sDNC: [336: 'G', 393: 'A', 500: 'T']

************** miriforceps **************
Sequences analyzed: 2
single nucleotide pDNCs: 0 - 
pDNCs retrieved : 1623; Positions involved: 100; Independent pDNCs: 5
Shortest retrieved diagnostic combination: [489: 'A', 840: 'A']
2 sDNC_score (100): [153, 422] - 0
3 sDNC_score (100): [153, 422, 840] - 82
4 sDNC_score (100): [153, 422, 840, 279] - 93
final sDNC: [153: 'A', 279: 'G', 422: 'A', 840: 'A']

************** motosuensis **************
Sequences analyzed: 2
single nucleotide pDNCs: 0 - 
pDNCs retrieved : 5385; Positions involved: 100; Independent pDNCs: 36
Shortest retrieved diagnostic combination: [765: 'T', 884: 'T']
2 sDNC_score (100): [884, 49] - 78
3 sDNC_score (100): [884, 49, 741] - 96
final sDNC: [49: 'A', 741: 'A', 884: 'T']

************** nemorosus **************
Sequences analyzed: 2
single nucleotide pDNCs: 2 - 643: 'G', 644: 'T'
pDNCs retrieved : 6468; Positions involved: 100; Independent pDNCs: 31
Shortest retrieved diagnostic combination: [643: 'G']
1 sDNC_score (100): [643] - 0
2 sDNC_score (100): [643, 644] - 80
3 sDNC_score (100): [643, 644, 498] - 96
final sDNC: [498: 'G', 643: 'G', 644: 'T']

************** niger **************
Sequences analyzed: 1
single nucleotide pDNCs: 1 - 669: 'G'
pDNCs retrieved : 3426; Positions involved: 100; Independent pDNCs: 15
Shortest retrieved diagnostic combination: [669: 'G']
1 sDNC_score (100): [669] - 84
2 sDNC_score (100): [669, 491] - 91
final sDNC: [491: 'G', 669: 'G']

************** nigricollis **************
Sequences analyzed: 1
single nucleotide pDNCs: 0 - 
pDNCs retrieved : 5400; Positions involved: 100; Independent pDNCs: 21
Shortest retrieved diagnostic combination: [171: 'T', 333: 'C']
2 sDNC_score (100): [147, 333] - 57
3 sDNC_score (100): [147, 333, 117] - 86
4 sDNC_score (100): [147, 333, 117, 75] - 95
final sDNC: [75: 'T', 117: 'A', 147: 'A', 333: 'C']

************** obiriciae **************
Sequences analyzed: 1
single nucleotide pDNCs: 2 - 631: 'A', 632: 'A'
pDNCs retrieved : 5263; Positions involved: 100; Independent pDNCs: 41
Shortest retrieved diagnostic combination: [631: 'A']
1 sDNC_score (100): [631] - 8
2 sDNC_score (100): [631, 632] - 86
3 sDNC_score (100): [631, 632, 638] - 98
final sDNC: [631: 'A', 632: 'A', 638: 'T']

************** occultus **************
Sequences analyzed: 3
single nucleotide pDNCs: 0 - 
pDNCs retrieved : 6287; Positions involved: 100; Independent pDNCs: 27
Shortest retrieved diagnostic combination: [804: 'T', 855: 'C']
2 sDNC_score (100): [421, 855] - 71
3 sDNC_score (100): [421, 855, 175] - 98
4 sDNC_score (100): [421, 855, 175, 640] - 98
final sDNC: [175: 'G', 421: 'A', 640: 'C', 855: 'C']

************** okuboi **************
Sequences analyzed: 2
single nucleotide pDNCs: 0 - 
pDNCs retrieved : 6612; Positions involved: 100; Independent pDNCs: 17
Shortest retrieved diagnostic combination: [159: 'C', 186: 'A']
2 sDNC_score (100): [177, 186] - 64
3 sDNC_score (100): [177, 186, 705] - 81
4 sDNC_score (100): [177, 186, 705, 685] - 95
final sDNC: [177: 'A', 186: 'A', 685: 'T', 705: 'C']

************** ortoni **************
Sequences analyzed: 1
single nucleotide pDNCs: 5 - 17: 'C', 542: 'C', 630: 'C', 889: 'C', 902: 'A'
pDNCs retrieved : 4071; Positions involved: 100; Independent pDNCs: 45
Shortest retrieved diagnostic combination: [17: 'C']
1 sDNC_score (100): [17] - 0
2 sDNC_score (100): [17, 542] - 77
3 sDNC_score (100): [17, 542, 630] - 98
final sDNC: [17: 'C', 542: 'C', 630: 'C']

************** oscillans **************
Sequences analyzed: 1
single nucleotide pDNCs: 2 - 895: 'G', 897: 'C'
pDNCs retrieved : 7788; Positions involved: 100; Independent pDNCs: 29
Shortest retrieved diagnostic combination: [895: 'G']
1 sDNC_score (100): [895] - 3
2 sDNC_score (100): [895, 897] - 94
3 sDNC_score (100): [895, 897, 826] - 98
final sDNC: [826: 'C', 895: 'G', 897: 'C']

************** ovatus **************
Sequences analyzed: 2
single nucleotide pDNCs: 1 - 855: 'T'
pDNCs retrieved : 6237; Positions involved: 100; Independent pDNCs: 30
Shortest retrieved diagnostic combination: [855: 'T']
1 sDNC_score (100): [855] - 77
2 sDNC_score (100): [855, 693] - 91
final sDNC: [693: 'G', 855: 'T']

************** palettaris **************
Sequences analyzed: 2
single nucleotide pDNCs: 1 - 890: 'T'
pDNCs retrieved : 5541; Positions involved: 100; Independent pDNCs: 38
Shortest retrieved diagnostic combination: [890: 'T']
1 sDNC_score (100): [890] - 3
2 sDNC_score (100): [890, 500] - 75
3 sDNC_score (100): [890, 500, 640] - 97
final sDNC: [500: 'T', 640: 'C', 890: 'T']

************** pallidicornis **************
Sequences analyzed: 2
single nucleotide pDNCs: 1 - 519: 'T'
pDNCs retrieved : 4894; Positions involved: 100; Independent pDNCs: 26
Shortest retrieved diagnostic combination: [519: 'T']
1 sDNC_score (100): [519] - 15
2 sDNC_score (100): [519, 307] - 84
3 sDNC_score (100): [519, 307, 387] - 87
final sDNC: [307: 'T', 387: 'G', 519: 'T']

************** pallidulus **************
Sequences analyzed: 1
single nucleotide pDNCs: 2 - 45: 'A', 271: 'T'
pDNCs retrieved : 5379; Positions involved: 100; Independent pDNCs: 41
Shortest retrieved diagnostic combination: [45: 'A']
1 sDNC_score (100): [45] - 59
2 sDNC_score (100): [45, 271] - 93
3 sDNC_score (100): [45, 271, 288] - 98
final sDNC: [45: 'A', 271: 'T', 288: 'C']

************** pandus **************
Sequences analyzed: 2
single nucleotide pDNCs: 0 - 
pDNCs retrieved : 5276; Positions involved: 100; Independent pDNCs: 40
Shortest retrieved diagnostic combination: [411: 'A', 615: 'C']
2 sDNC_score (100): [309, 438] - 86
3 sDNC_score (100): [309, 438, 513] - 96
final sDNC: [309: 'A', 438: 'T', 513: 'G']

************** paraniger **************
Sequences analyzed: 1
single nucleotide pDNCs: 0 - 
pDNCs retrieved : 1086; Positions involved: 100; Independent pDNCs: 3
Shortest retrieved diagnostic combination: [421: 'A', 840: 'G']
2 sDNC_score (100): [840, 437] - 51
3 sDNC_score (100): [840, 437, 523] - 88
4 sDNC_score (100): [840, 437, 523, 261] - 94
final sDNC: [261: 'T', 437: 'A', 523: 'A', 840: 'G']

************** pseudoheusdensis **************
Sequences analyzed: 2
single nucleotide pDNCs: 1 - 136: 'C'
pDNCs retrieved : 6004; Positions involved: 100; Independent pDNCs: 31
Shortest retrieved diagnostic combination: [136: 'C']
1 sDNC_score (100): [136] - 0
2 sDNC_score (100): [136, 312] - 79
3 sDNC_score (100): [136, 312, 345] - 94
final sDNC: [136: 'C', 312: 'C', 345: 'G']

************** recurvatus **************
Sequences analyzed: 2
single nucleotide pDNCs: 12 - 72: 'G', 147: 'C', 271: 'C', 284: 'T', 285: 'G', 333: 'T', 400: 'G', 629: 'G', 644: 'G', 696: 'G', 829: 'G', 831: 'A'
pDNCs retrieved : 4335; Positions involved: 100; Independent pDNCs: 49
Shortest retrieved diagnostic combination: [72: 'G']
1 sDNC_score (100): [72] - 17
2 sDNC_score (100): [72, 147] - 88
3 sDNC_score (100): [72, 147, 271] - 97
final sDNC: [72: 'G', 147: 'C', 271: 'C']

************** reei **************
Sequences analyzed: 3
single nucleotide pDNCs: 2 - 371: 'C', 686: 'G'
pDNCs retrieved : 6989; Positions involved: 100; Independent pDNCs: 32
Shortest retrieved diagnostic combination: [371: 'C']
1 sDNC_score (100): [371] - 0
2 sDNC_score (100): [371, 686] - 81
3 sDNC_score (100): [371, 686, 589] - 98
final sDNC: [371: 'C', 589: 'G', 686: 'G']

************** rhabdomantis **************
Sequences analyzed: 2
single nucleotide pDNCs: 1 - 100: 'A'
pDNCs retrieved : 5800; Positions involved: 100; Independent pDNCs: 37
Shortest retrieved diagnostic combination: [100: 'A']
1 sDNC_score (100): [100] - 0
2 sDNC_score (100): [100, 424] - 81
3 sDNC_score (100): [100, 424, 113] - 82
final sDNC: [100: 'A', 113: 'T', 424: 'C']

************** shouautumnalis **************
Sequences analyzed: 2
single nucleotide pDNCs: 0 - 
pDNCs retrieved : 6347; Positions involved: 100; Independent pDNCs: 33
Shortest retrieved diagnostic combination: [406: 'G', 750: 'C']
2 sDNC_score (100): [750, 630] - 88
3 sDNC_score (100): [750, 630, 409] - 99
final sDNC: [409: 'T', 630: 'T', 750: 'C']

************** shoudigitatus **************
Sequences analyzed: 2
single nucleotide pDNCs: 2 - 222: 'T', 404: 'C'
pDNCs retrieved : 7089; Positions involved: 100; Independent pDNCs: 27
Shortest retrieved diagnostic combination: [222: 'T']
1 sDNC_score (100): [222] - 76
2 sDNC_score (100): [222, 404] - 95
final sDNC: [222: 'T', 404: 'C']

************** signatus **************
Sequences analyzed: 3
single nucleotide pDNCs: 2 - 690: 'G', 809: 'A'
pDNCs retrieved : 6647; Positions involved: 100; Independent pDNCs: 33
Shortest retrieved diagnostic combination: [690: 'G']
1 sDNC_score (100): [690] - 77
2 sDNC_score (100): [690, 809] - 90
final sDNC: [690: 'G', 809: 'A']

************** simantoseteus **************
Sequences analyzed: 2
single nucleotide pDNCs: 4 - 344: 'C', 350: 'A', 468: 'T', 588: 'A'
pDNCs retrieved : 5121; Positions involved: 100; Independent pDNCs: 45
Shortest retrieved diagnostic combination: [344: 'C']
1 sDNC_score (100): [344] - 0
2 sDNC_score (100): [344, 350] - 79
3 sDNC_score (100): [344, 350, 468] - 98
final sDNC: [344: 'C', 350: 'A', 468: 'T']

************** simantoteuus **************
Sequences analyzed: 2
single nucleotide pDNCs: 2 - 439: 'G', 468: 'C'
pDNCs retrieved : 4943; Positions involved: 100; Independent pDNCs: 41
Shortest retrieved diagnostic combination: [439: 'G']
1 sDNC_score (100): [439] - 0
2 sDNC_score (100): [439, 468] - 91
3 sDNC_score (100): [439, 468, 393] - 98
final sDNC: [393: 'A', 439: 'G', 468: 'C']

************** sinuatus **************
Sequences analyzed: 3
single nucleotide pDNCs: 0 - 
pDNCs retrieved : 5531; Positions involved: 100; Independent pDNCs: 27
Shortest retrieved diagnostic combination: [114: 'T', 534: 'A']
2 sDNC_score (100): [744, 564] - 81
3 sDNC_score (100): [744, 564, 370] - 94
final sDNC: [370: 'C', 564: 'C', 744: 'G']

************** songi **************
Sequences analyzed: 1
single nucleotide pDNCs: 1 - 498: 'C'
pDNCs retrieved : 5613; Positions involved: 100; Independent pDNCs: 40
Shortest retrieved diagnostic combination: [498: 'C']
1 sDNC_score (100): [498] - 65
2 sDNC_score (100): [498, 410] - 87
3 sDNC_score (100): [498, 410, 768] - 98
final sDNC: [410: 'C', 498: 'C', 768: 'T']

************** spadiceonotatus **************
Sequences analyzed: 1
single nucleotide pDNCs: 7 - 185: 'A', 211: 'C', 233: 'G', 693: 'A', 841: 'T', 868: 'G', 872: 'G'
pDNCs retrieved : 4564; Positions involved: 100; Independent pDNCs: 45
Shortest retrieved diagnostic combination: [185: 'A']
1 sDNC_score (100): [185] - 2
2 sDNC_score (100): [185, 211] - 81
3 sDNC_score (100): [185, 211, 233] - 98
final sDNC: [185: 'A', 211: 'C', 233: 'G']

************** striatulus **************
Sequences analyzed: 1
single nucleotide pDNCs: 1 - 351: 'A'
pDNCs retrieved : 6559; Positions involved: 100; Independent pDNCs: 22
Shortest retrieved diagnostic combination: [351: 'A']
1 sDNC_score (100): [351] - 80
2 sDNC_score (100): [351, 330] - 87
final sDNC: [330: 'C', 351: 'A']

************** sylvaticus **************
Sequences analyzed: 2
single nucleotide pDNCs: 0 - 
pDNCs retrieved : 4051; Positions involved: 100; Independent pDNCs: 10
Shortest retrieved diagnostic combination: [123: 'G', 764: 'G']
2 sDNC_score (100): [764, 354] - 8
3 sDNC_score (100): [764, 354, 489] - 49
4 sDNC_score (100): [764, 354, 489, 306] - 71
5 sDNC_score (100): [764, 354, 489, 306, 544] - 87
6 sDNC_score (100): [764, 354, 489, 306, 544, 562] - 92
final sDNC: [306: 'T', 354: 'A', 489: 'C', 544: 'A', 562: 'C', 764: 'G']

************** tamaduodecimus **************
Sequences analyzed: 1
single nucleotide pDNCs: 1 - 426: 'C'
pDNCs retrieved : 5336; Positions involved: 100; Independent pDNCs: 34
Shortest retrieved diagnostic combination: [426: 'C']
1 sDNC_score (100): [426] - 88
2 sDNC_score (100): [426, 189] - 93
final sDNC: [189: 'C', 426: 'C']

************** tamakutibasi **************
Sequences analyzed: 1
single nucleotide pDNCs: 2 - 7: 'A', 206: 'G'
pDNCs retrieved : 6187; Positions involved: 100; Independent pDNCs: 37
Shortest retrieved diagnostic combination: [7: 'A']
1 sDNC_score (100): [7] - 15
2 sDNC_score (100): [7, 206] - 82
3 sDNC_score (100): [7, 206, 101] - 99
final sDNC: [7: 'A', 101: 'A', 206: 'G']

************** tamaoctavus **************
Sequences analyzed: 3
single nucleotide pDNCs: 0 - 
pDNCs retrieved : 6124; Positions involved: 100; Independent pDNCs: 21
Shortest retrieved diagnostic combination: [530: 'G', 750: 'A']
2 sDNC_score (100): [90, 87] - 70
3 sDNC_score (100): [90, 87, 664] - 90
4 sDNC_score (100): [90, 87, 664, 483] - 97
final sDNC: [87: 'C', 90: 'A', 483: 'T', 664: 'C']

************** tamaundecimus **************
Sequences analyzed: 1
single nucleotide pDNCs: 0 - 
pDNCs retrieved : 6498; Positions involved: 100; Independent pDNCs: 24
Shortest retrieved diagnostic combination: [390: 'G', 405: 'G']
2 sDNC_score (100): [345, 390] - 65
3 sDNC_score (100): [345, 390, 738] - 68
4 sDNC_score (100): [345, 390, 738, 759] - 96
5 sDNC_score (100): [345, 390, 738, 759, 705] - 93
final sDNC: [345: 'G', 390: 'G', 738: 'C', 759: 'G']

************** thaicus **************
Sequences analyzed: 1
single nucleotide pDNCs: 1 - 321: 'C'
pDNCs retrieved : 4870; Positions involved: 100; Independent pDNCs: 42
Shortest retrieved diagnostic combination: [321: 'C']
1 sDNC_score (100): [321] - 0
2 sDNC_score (100): [321, 160] - 76
3 sDNC_score (100): [321, 160, 120] - 97
final sDNC: [120: 'C', 160: 'C', 321: 'C']

************** thomasi **************
Sequences analyzed: 7
single nucleotide pDNCs: 0 - 
pDNCs retrieved : 2189; Positions involved: 100; Independent pDNCs: 12
Shortest retrieved diagnostic combination: [122: 'G', 634: 'A']
2 sDNC_score (100): [122, 175] - 52
3 sDNC_score (100): [122, 175, 897] - 96
4 sDNC_score (100): [122, 175, 897, 729] - 98
final sDNC: [122: 'G', 175: 'G', 729: 'C', 897: 'G']

************** tongmuensis **************
Sequences analyzed: 22
single nucleotide pDNCs: 2 - 492: 'C', 830: 'T'
pDNCs retrieved : 4102; Positions involved: 100; Independent pDNCs: 19
Shortest retrieved diagnostic combination: [492: 'C']
1 sDNC_score (100): [492] - 10
2 sDNC_score (100): [492, 830] - 87
3 sDNC_score (100): [492, 830, 491] - 98
final sDNC: [491: 'G', 492: 'C', 830: 'T']

************** usmaensis **************
Sequences analyzed: 1
single nucleotide pDNCs: 0 - 
pDNCs retrieved : 4852; Positions involved: 100; Independent pDNCs: 17
Shortest retrieved diagnostic combination: [312: 'T', 727: 'A']
2 sDNC_score (100): [199, 51] - 59
3 sDNC_score (100): [199, 51, 727] - 93
4 sDNC_score (100): [199, 51, 727, 312] - 99
final sDNC: [51: 'C', 199: 'A', 312: 'T', 727: 'A']

************** verralli **************
Sequences analyzed: 2
single nucleotide pDNCs: 0 - 
pDNCs retrieved : 6184; Positions involved: 100; Independent pDNCs: 27
Shortest retrieved diagnostic combination: [180: 'C', 349: 'G']
2 sDNC_score (100): [258, 217] - 80
3 sDNC_score (100): [258, 217, 590] - 88
final sDNC: [217: 'G', 258: 'G', 590: 'C']

************** volgensis **************
Sequences analyzed: 1
single nucleotide pDNCs: 4 - 185: 'T', 352: 'C', 358: 'C', 624: 'C'
pDNCs retrieved : 6391; Positions involved: 100; Independent pDNCs: 36
Shortest retrieved diagnostic combination: [185: 'T']
1 sDNC_score (100): [185] - 4
2 sDNC_score (100): [185, 352] - 76
3 sDNC_score (100): [185, 352, 358] - 97
final sDNC: [185: 'T', 352: 'C', 358: 'C']

************** wangi **************
Sequences analyzed: 1
single nucleotide pDNCs: 3 - 321: 'A', 324: 'T', 837: 'T'
pDNCs retrieved : 4704; Positions involved: 100; Independent pDNCs: 22
Shortest retrieved diagnostic combination: [321: 'A']
1 sDNC_score (100): [321] - 3
2 sDNC_score (100): [321, 324] - 87
3 sDNC_score (100): [321, 324, 837] - 96
final sDNC: [321: 'A', 324: 'T', 837: 'T']

************** wirthi **************
Sequences analyzed: 2
single nucleotide pDNCs: 2 - 112: 'G', 113: 'G'
pDNCs retrieved : 5735; Positions involved: 100; Independent pDNCs: 37
Shortest retrieved diagnostic combination: [112: 'G']
1 sDNC_score (100): [112] - 83
2 sDNC_score (100): [112, 113] - 94
final sDNC: [112: 'G', 113: 'G']

************** yunosecundus **************
Sequences analyzed: 3
single nucleotide pDNCs: 1 - 843: 'G'
pDNCs retrieved : 5515; Positions involved: 100; Independent pDNCs: 30
Shortest retrieved diagnostic combination: [843: 'G']
1 sDNC_score (100): [843] - 75
2 sDNC_score (100): [843, 432] - 92
final sDNC: [432: 'C', 843: 'G']

Time of the code execution: 17252.296
