************** brasilensis **************
Sequences analyzed: 5
single nucleotide pDNCs: 8 - 459: 'C', 648: 'A', 653: 'T', 679: 'T', 683: 'T', 704: 'C', 793: 'C', 801: 'T'
1 sDNC_score (100): [458] - 9
2 sDNC_score (100): [458, 647] - 65
3 sDNC_score (100): [458, 647, 652] - 86
4 sDNC_score (100): [458, 647, 652, 678] - 86
final sDNC: [459: 'C', 648: 'A', 653: 'T', 679: 'T'] 

1 sDNC_score (100): [458] - 13
2 sDNC_score (100): [458, 647] - 59
3 sDNC_score (100): [458, 647, 652] - 76
4 sDNC_score (100): [458, 647, 652, 678] - 78
final sDNC: [459: 'C', 648: 'A', 653: 'T', 679: 'T'] 

1 sDNC_score (100): [458] - 15
2 sDNC_score (100): [458, 647] - 62
3 sDNC_score (100): [458, 647, 652] - 91
4 sDNC_score (100): [458, 647, 652, 678] - 77
final sDNC: [459: 'C', 648: 'A', 653: 'T', 679: 'T'] 

1 sDNC_score (100): [458] - 11
2 sDNC_score (100): [458, 647] - 64
3 sDNC_score (100): [458, 647, 652] - 82
4 sDNC_score (100): [458, 647, 652, 678] - 78
final sDNC: [459: 'C', 648: 'A', 653: 'T', 679: 'T'] 

1 sDNC_score (100): [458] - 13
2 sDNC_score (100): [458, 647] - 54
3 sDNC_score (100): [458, 647, 652] - 85
4 sDNC_score (100): [458, 647, 652, 678] - 75
final sDNC: [459: 'C', 648: 'A', 653: 'T', 679: 'T'] 

1 sDNC_score (100): [458] - 9
2 sDNC_score (100): [458, 647] - 65
3 sDNC_score (100): [458, 647, 652] - 86
4 sDNC_score (100): [458, 647, 652, 678] - 76
final sDNC: [459: 'C', 648: 'A', 653: 'T', 679: 'T'] 

1 sDNC_score (100): [458] - 8
2 sDNC_score (100): [458, 647] - 63
3 sDNC_score (100): [458, 647, 652] - 86
4 sDNC_score (100): [458, 647, 652, 678] - 81
final sDNC: [459: 'C', 648: 'A', 653: 'T', 679: 'T'] 

1 sDNC_score (100): [458] - 6
2 sDNC_score (100): [458, 647] - 55
3 sDNC_score (100): [458, 647, 652] - 89
4 sDNC_score (100): [458, 647, 652, 678] - 79
final sDNC: [459: 'C', 648: 'A', 653: 'T', 679: 'T'] 

1 sDNC_score (100): [458] - 7
2 sDNC_score (100): [458, 647] - 51
3 sDNC_score (100): [458, 647, 652] - 82
4 sDNC_score (100): [458, 647, 652, 678] - 84
final sDNC: [459: 'C', 648: 'A', 653: 'T', 679: 'T'] 

1 sDNC_score (100): [458] - 12
2 sDNC_score (100): [458, 647] - 56
3 sDNC_score (100): [458, 647, 652] - 87
4 sDNC_score (100): [458, 647, 652, 678] - 81
final sDNC: [459: 'C', 648: 'A', 653: 'T', 679: 'T'] 

1 sDNC_score (100): [458] - 10
2 sDNC_score (100): [458, 647] - 57
3 sDNC_score (100): [458, 647, 652] - 89
4 sDNC_score (100): [458, 647, 652, 678] - 82
final sDNC: [459: 'C', 648: 'A', 653: 'T', 679: 'T'] 

1 sDNC_score (100): [458] - 13
2 sDNC_score (100): [458, 647] - 55
3 sDNC_score (100): [458, 647, 652] - 89
4 sDNC_score (100): [458, 647, 652, 678] - 82
final sDNC: [459: 'C', 648: 'A', 653: 'T', 679: 'T'] 

1 sDNC_score (100): [458] - 6
2 sDNC_score (100): [458, 647] - 59
3 sDNC_score (100): [458, 647, 652] - 79
4 sDNC_score (100): [458, 647, 652, 678] - 82
final sDNC: [459: 'C', 648: 'A', 653: 'T', 679: 'T'] 

1 sDNC_score (100): [458] - 13
2 sDNC_score (100): [458, 647] - 63
3 sDNC_score (100): [458, 647, 652] - 88
4 sDNC_score (100): [458, 647, 652, 678] - 80
final sDNC: [459: 'C', 648: 'A', 653: 'T', 679: 'T'] 

1 sDNC_score (100): [458] - 9
2 sDNC_score (100): [458, 647] - 66
3 sDNC_score (100): [458, 647, 652] - 85
4 sDNC_score (100): [458, 647, 652, 678] - 80
final sDNC: [459: 'C', 648: 'A', 653: 'T', 679: 'T'] 

1 sDNC_score (100): [458] - 12
2 sDNC_score (100): [458, 647] - 61
3 sDNC_score (100): [458, 647, 652] - 90
4 sDNC_score (100): [458, 647, 652, 678] - 83
final sDNC: [459: 'C', 648: 'A', 653: 'T', 679: 'T'] 

1 sDNC_score (100): [458] - 7
2 sDNC_score (100): [458, 647] - 56
3 sDNC_score (100): [458, 647, 652] - 86
4 sDNC_score (100): [458, 647, 652, 678] - 85
final sDNC: [459: 'C', 648: 'A', 653: 'T', 679: 'T'] 

1 sDNC_score (100): [458] - 10
2 sDNC_score (100): [458, 647] - 69
3 sDNC_score (100): [458, 647, 652] - 88
4 sDNC_score (100): [458, 647, 652, 678] - 82
final sDNC: [459: 'C', 648: 'A', 653: 'T', 679: 'T'] 

1 sDNC_score (100): [458] - 15
2 sDNC_score (100): [458, 647] - 68
3 sDNC_score (100): [458, 647, 652] - 85
4 sDNC_score (100): [458, 647, 652, 678] - 80
final sDNC: [459: 'C', 648: 'A', 653: 'T', 679: 'T'] 

1 sDNC_score (100): [458] - 10
2 sDNC_score (100): [458, 647] - 71
3 sDNC_score (100): [458, 647, 652] - 86
4 sDNC_score (100): [458, 647, 652, 678] - 79
final sDNC: [459: 'C', 648: 'A', 653: 'T', 679: 'T'] 

1 sDNC_score (100): [458] - 9
2 sDNC_score (100): [458, 647] - 68
3 sDNC_score (100): [458, 647, 652] - 88
4 sDNC_score (100): [458, 647, 652, 678] - 79
final sDNC: [459: 'C', 648: 'A', 653: 'T', 679: 'T'] 

1 sDNC_score (100): [458] - 8
2 sDNC_score (100): [458, 647] - 68
3 sDNC_score (100): [458, 647, 652] - 90
4 sDNC_score (100): [458, 647, 652, 678] - 79
final sDNC: [459: 'C', 648: 'A', 653: 'T', 679: 'T'] 

1 sDNC_score (100): [458] - 14
2 sDNC_score (100): [458, 647] - 64
3 sDNC_score (100): [458, 647, 652] - 81
4 sDNC_score (100): [458, 647, 652, 678] - 82
final sDNC: [459: 'C', 648: 'A', 653: 'T', 679: 'T'] 

1 sDNC_score (100): [458] - 9
2 sDNC_score (100): [458, 647] - 57
3 sDNC_score (100): [458, 647, 652] - 82
4 sDNC_score (100): [458, 647, 652, 678] - 79
final sDNC: [459: 'C', 648: 'A', 653: 'T', 679: 'T'] 

1 sDNC_score (100): [458] - 11
2 sDNC_score (100): [458, 647] - 64
3 sDNC_score (100): [458, 647, 652] - 89
4 sDNC_score (100): [458, 647, 652, 678] - 84
final sDNC: [459: 'C', 648: 'A', 653: 'T', 679: 'T'] 

1 sDNC_score (100): [458] - 14
2 sDNC_score (100): [458, 647] - 64
3 sDNC_score (100): [458, 647, 652] - 86
4 sDNC_score (100): [458, 647, 652, 678] - 75
final sDNC: [459: 'C', 648: 'A', 653: 'T', 679: 'T'] 

1 sDNC_score (100): [458] - 15
2 sDNC_score (100): [458, 647] - 61
3 sDNC_score (100): [458, 647, 652] - 81
4 sDNC_score (100): [458, 647, 652, 678] - 78
final sDNC: [459: 'C', 648: 'A', 653: 'T', 679: 'T'] 

1 sDNC_score (100): [458] - 13
2 sDNC_score (100): [458, 647] - 62
3 sDNC_score (100): [458, 647, 652] - 86
4 sDNC_score (100): [458, 647, 652, 678] - 85
final sDNC: [459: 'C', 648: 'A', 653: 'T', 679: 'T'] 

1 sDNC_score (100): [458] - 6
2 sDNC_score (100): [458, 647] - 56
3 sDNC_score (100): [458, 647, 652] - 85
4 sDNC_score (100): [458, 647, 652, 678] - 77
final sDNC: [459: 'C', 648: 'A', 653: 'T', 679: 'T'] 

1 sDNC_score (100): [458] - 13
2 sDNC_score (100): [458, 647] - 59
3 sDNC_score (100): [458, 647, 652] - 79
4 sDNC_score (100): [458, 647, 652, 678] - 77
final sDNC: [459: 'C', 648: 'A', 653: 'T', 679: 'T'] 

