************** ebraeus **************
Sequences analyzed: 105
single nucleotide pDNCs: 0 - 
2 sDNC_score (100): [573, 585] - 64
3 sDNC_score (100): [573, 585, 300] - 94
4 sDNC_score (100): [573, 585, 300, 549] - 96
final sDNC: [301: 'C', 550: 'T', 574: 'G', 586: 'A'] 

2 sDNC_score (100): [573, 585] - 61
3 sDNC_score (100): [573, 585, 300] - 91
4 sDNC_score (100): [573, 585, 300, 549] - 94
final sDNC: [301: 'C', 550: 'T', 574: 'G', 586: 'A'] 

2 sDNC_score (100): [573, 585] - 67
3 sDNC_score (100): [573, 585, 300] - 93
4 sDNC_score (100): [573, 585, 300, 549] - 97
final sDNC: [301: 'C', 550: 'T', 574: 'G', 586: 'A'] 

2 sDNC_score (100): [573, 585] - 64
3 sDNC_score (100): [573, 585, 300] - 91
4 sDNC_score (100): [573, 585, 300, 549] - 93
final sDNC: [301: 'C', 550: 'T', 574: 'G', 586: 'A'] 

2 sDNC_score (100): [573, 585] - 65
3 sDNC_score (100): [573, 585, 300] - 98
4 sDNC_score (100): [573, 585, 300, 549] - 94
final sDNC: [301: 'C', 550: 'T', 574: 'G', 586: 'A'] 

2 sDNC_score (100): [573, 585] - 75
3 sDNC_score (100): [573, 585, 300] - 98
final sDNC: [301: 'C', 574: 'G', 586: 'A'] 

2 sDNC_score (100): [573, 585] - 62
3 sDNC_score (100): [573, 585, 300] - 90
4 sDNC_score (100): [573, 585, 300, 549] - 97
final sDNC: [301: 'C', 550: 'T', 574: 'G', 586: 'A'] 

2 sDNC_score (100): [573, 585] - 67
3 sDNC_score (100): [573, 585, 300] - 93
4 sDNC_score (100): [573, 585, 300, 549] - 94
final sDNC: [301: 'C', 550: 'T', 574: 'G', 586: 'A'] 

2 sDNC_score (100): [573, 585] - 67
3 sDNC_score (100): [573, 585, 300] - 92
4 sDNC_score (100): [573, 585, 300, 549] - 97
final sDNC: [301: 'C', 550: 'T', 574: 'G', 586: 'A'] 

2 sDNC_score (100): [573, 585] - 72
3 sDNC_score (100): [573, 585, 300] - 90
4 sDNC_score (100): [573, 585, 300, 549] - 95
final sDNC: [301: 'C', 550: 'T', 574: 'G', 586: 'A'] 

2 sDNC_score (100): [573, 585] - 67
3 sDNC_score (100): [573, 585, 300] - 91
4 sDNC_score (100): [573, 585, 300, 549] - 96
final sDNC: [301: 'C', 550: 'T', 574: 'G', 586: 'A'] 

2 sDNC_score (100): [573, 585] - 63
3 sDNC_score (100): [573, 585, 300] - 93
4 sDNC_score (100): [573, 585, 300, 549] - 97
final sDNC: [301: 'C', 550: 'T', 574: 'G', 586: 'A'] 

2 sDNC_score (100): [573, 585] - 64
3 sDNC_score (100): [573, 585, 300] - 83
4 sDNC_score (100): [573, 585, 300, 549] - 91
final sDNC: [301: 'C', 550: 'T', 574: 'G', 586: 'A'] 

2 sDNC_score (100): [573, 585] - 64
3 sDNC_score (100): [573, 585, 300] - 89
4 sDNC_score (100): [573, 585, 300, 549] - 96
final sDNC: [301: 'C', 550: 'T', 574: 'G', 586: 'A'] 

2 sDNC_score (100): [573, 585] - 76
3 sDNC_score (100): [573, 585, 300] - 91
final sDNC: [301: 'C', 574: 'G', 586: 'A'] 

2 sDNC_score (100): [573, 585] - 69
3 sDNC_score (100): [573, 585, 300] - 94
4 sDNC_score (100): [573, 585, 300, 549] - 95
final sDNC: [301: 'C', 550: 'T', 574: 'G', 586: 'A'] 

2 sDNC_score (100): [573, 585] - 59
3 sDNC_score (100): [573, 585, 300] - 89
4 sDNC_score (100): [573, 585, 300, 549] - 96
final sDNC: [301: 'C', 550: 'T', 574: 'G', 586: 'A'] 

2 sDNC_score (100): [573, 585] - 70
3 sDNC_score (100): [573, 585, 300] - 93
4 sDNC_score (100): [573, 585, 300, 549] - 95
final sDNC: [301: 'C', 550: 'T', 574: 'G', 586: 'A'] 

2 sDNC_score (100): [573, 585] - 72
3 sDNC_score (100): [573, 585, 300] - 93
4 sDNC_score (100): [573, 585, 300, 549] - 98
final sDNC: [301: 'C', 550: 'T', 574: 'G', 586: 'A'] 

2 sDNC_score (100): [573, 585] - 58
3 sDNC_score (100): [573, 585, 300] - 96
4 sDNC_score (100): [573, 585, 300, 549] - 96
final sDNC: [301: 'C', 550: 'T', 574: 'G', 586: 'A'] 

2 sDNC_score (100): [573, 585] - 57
3 sDNC_score (100): [573, 585, 300] - 96
4 sDNC_score (100): [573, 585, 300, 549] - 96
final sDNC: [301: 'C', 550: 'T', 574: 'G', 586: 'A'] 

2 sDNC_score (100): [573, 585] - 69
3 sDNC_score (100): [573, 585, 300] - 90
4 sDNC_score (100): [573, 585, 300, 549] - 99
final sDNC: [301: 'C', 550: 'T', 574: 'G', 586: 'A'] 

2 sDNC_score (100): [573, 585] - 61
3 sDNC_score (100): [573, 585, 300] - 93
4 sDNC_score (100): [573, 585, 300, 549] - 94
final sDNC: [301: 'C', 550: 'T', 574: 'G', 586: 'A'] 

2 sDNC_score (100): [573, 585] - 70
3 sDNC_score (100): [573, 585, 300] - 94
4 sDNC_score (100): [573, 585, 300, 549] - 94
final sDNC: [301: 'C', 550: 'T', 574: 'G', 586: 'A']

2 sDNC_score (100): [573, 585] - 63
3 sDNC_score (100): [573, 585, 300] - 91
4 sDNC_score (100): [573, 585, 300, 549] - 93
final sDNC: [301: 'C', 550: 'T', 574: 'G', 586: 'A']

2 sDNC_score (100): [573, 585] - 64
3 sDNC_score (100): [573, 585, 300] - 94
4 sDNC_score (100): [573, 585, 300, 549] - 95
final sDNC: [301: 'C', 550: 'T', 574: 'G', 586: 'A']

2 sDNC_score (100): [573, 585] - 61
3 sDNC_score (100): [573, 585, 300] - 91
4 sDNC_score (100): [573, 585, 300, 549] - 96
final sDNC: [301: 'C', 550: 'T', 574: 'G', 586: 'A']

2 sDNC_score (100): [573, 585] - 74
3 sDNC_score (100): [573, 585, 300] - 91
4 sDNC_score (100): [573, 585, 300, 549] - 99
final sDNC: [301: 'C', 550: 'T', 574: 'G', 586: 'A']

2 sDNC_score (100): [573, 585] - 73
3 sDNC_score (100): [573, 585, 300] - 94
4 sDNC_score (100): [573, 585, 300, 549] - 93
final sDNC: [301: 'C', 550: 'T', 574: 'G', 586: 'A']

2 sDNC_score (100): [573, 585] - 71
3 sDNC_score (100): [573, 585, 300] - 92
4 sDNC_score (100): [573, 585, 300, 549] - 98
final sDNC: [301: 'C', 550: 'T', 574: 'G', 586: 'A']

