************** sanguinolentus **************
Sequences analyzed: 103
single nucleotide pDNCs: 0 - 
final sDNC: [121: 'C', 307: 'C', 571: 'C'] 

final sDNC: [121: 'C', 307: 'C', 571: 'C'] 

final sDNC: [121: 'C', 307: 'C', 571: 'C'] 

final sDNC: [121: 'C', 307: 'C', 571: 'C'] 

final sDNC: [121: 'C', 307: 'C', 571: 'C'] 

final sDNC: [121: 'C', 307: 'C', 571: 'C'] 

final sDNC: [121: 'C', 307: 'C', 571: 'C'] 

final sDNC: [121: 'C', 307: 'C', 571: 'C'] 

final sDNC: [121: 'C', 307: 'C', 571: 'C'] 

final sDNC: [121: 'C', 307: 'C', 571: 'C'] 

************** ebraeus **************
Sequences analyzed: 105
single nucleotide pDNCs: 0 - 
final sDNC: [301: 'C', 550: 'T', 574: 'G', 586: 'A'] 

final sDNC: [301: 'C', 550: 'T', 574: 'G', 586: 'A'] 

final sDNC: [301: 'C', 550: 'T', 574: 'G', 586: 'A'] 

final sDNC: [301: 'C', 550: 'T', 574: 'G', 586: 'A'] 

final sDNC: [301: 'C', 550: 'T', 574: 'G', 586: 'A'] 

final sDNC: [301: 'C', 550: 'T', 574: 'G', 586: 'A'] 

final sDNC: [301: 'C', 550: 'T', 574: 'G', 586: 'A'] 

final sDNC: [301: 'C', 550: 'T', 574: 'G', 586: 'A'] 

final sDNC: [301: 'C', 550: 'T', 574: 'G', 586: 'A'] 

final sDNC: [301: 'C', 550: 'T', 574: 'G', 586: 'A'] 

************** chaldaeus **************
Sequences analyzed: 99
single nucleotide pDNCs: 0 - 
final sDNC: [94: 'C', 97: 'G', 637: 'G'] 

final sDNC: [94: 'C', 97: 'G', 637: 'G'] 

final sDNC: [94: 'C', 97: 'G', 289: 'A', 637: 'G'] 

final sDNC: [94: 'C', 97: 'G', 637: 'G'] 

final sDNC: [94: 'C', 97: 'G', 289: 'A', 637: 'G'] 

final sDNC: [94: 'C', 97: 'G', 637: 'G'] 

final sDNC: [94: 'C', 97: 'G', 289: 'A', 637: 'G'] 

final sDNC: [94: 'C', 97: 'G', 289: 'A', 637: 'G'] 

final sDNC: [94: 'C', 97: 'G', 289: 'A', 637: 'G'] 

final sDNC: [94: 'C', 97: 'G', 637: 'G'] 

