************** longispina **************
Sequences analyzed: 13
single nucleotide pDNCs: 0 - 
final sDNC: [84: 'G', 120: 'C', 351: 'C'] 

final sDNC: [84: 'G', 120: 'C', 351: 'C'] 

final sDNC: [84: 'G', 120: 'C', 351: 'C'] 

final sDNC: [84: 'G', 120: 'C', 351: 'C'] 

final sDNC: [84: 'G', 120: 'C', 351: 'C'] 

final sDNC: [84: 'G', 120: 'C', 351: 'C'] 

final sDNC: [84: 'G', 120: 'C', 351: 'C'] 

final sDNC: [84: 'G', 120: 'C', 351: 'C'] 

final sDNC: [84: 'G', 120: 'C', 351: 'C'] 

final sDNC: [84: 'G', 120: 'C', 351: 'C'] 

************** laevis **************
Sequences analyzed: 94
single nucleotide pDNCs: 0 - 
final sDNC: [255: 'C', 387: 'C', 471: 'C', 516: 'C'] 

final sDNC: [255: 'C', 387: 'C', 471: 'C', 516: 'C'] 

final sDNC: [255: 'C', 387: 'C', 471: 'C', 516: 'C'] 

final sDNC: [255: 'C', 387: 'C', 471: 'C', 516: 'C'] 

final sDNC: [255: 'C', 387: 'C', 471: 'C', 516: 'C'] 

final sDNC: [255: 'C', 387: 'C', 471: 'C', 516: 'C'] 

final sDNC: [255: 'C', 387: 'C', 471: 'C', 516: 'C'] 

final sDNC: [255: 'C', 387: 'C', 471: 'C', 516: 'C'] 

final sDNC: [255: 'C', 387: 'C', 471: 'C', 516: 'C'] 

final sDNC: [255: 'C', 387: 'C', 471: 'C', 516: 'C'] 

************** melanica **************
Sequences analyzed: 61
single nucleotide pDNCs: 0 - 
final sDNC: [42: 'C', 51: 'C', 348: 'T', 480: 'G', 481: 'T', 594: 'T'] 

final sDNC: [42: 'C', 51: 'C', 348: 'T', 480: 'G', 481: 'T', 594: 'T'] 

final sDNC: [42: 'C', 51: 'C', 348: 'T', 480: 'G', 481: 'T', 594: 'T'] 

final sDNC: [42: 'C', 51: 'C', 348: 'T', 480: 'G', 481: 'T', 594: 'T'] 

final sDNC: [42: 'C', 51: 'C', 348: 'T', 480: 'G', 481: 'T', 594: 'T'] 

final sDNC: [42: 'C', 51: 'C', 348: 'T', 480: 'G', 481: 'T', 594: 'T'] 

final sDNC: [42: 'C', 51: 'C', 348: 'T', 480: 'G', 481: 'T', 594: 'T'] 

final sDNC: [42: 'C', 51: 'C', 348: 'T', 480: 'G', 481: 'T', 594: 'T'] 

final sDNC: [42: 'C', 51: 'C', 348: 'T', 480: 'G', 481: 'T', 594: 'T'] 

final sDNC: [42: 'C', 51: 'C', 348: 'T', 480: 'G', 481: 'T', 594: 'T'] 

************** pulex **************
Sequences analyzed: 85
single nucleotide pDNCs: 0 - 
final sDNC: [58: 'T', 69: 'C', 273: 'G', 438: 'C', 537: 'A', 573: 'T'] 

final sDNC: [58: 'T', 69: 'C', 273: 'G', 438: 'C', 537: 'A', 573: 'T'] 

final sDNC: [58: 'T', 69: 'C', 273: 'G', 438: 'C', 537: 'A', 573: 'T'] 

final sDNC: [58: 'T', 69: 'C', 273: 'G', 438: 'C', 537: 'A', 573: 'T'] 

final sDNC: [30: 'A', 58: 'T', 69: 'C', 273: 'G', 339: 'C', 438: 'C', 537: 'A', 573: 'T'] 

final sDNC: [58: 'T', 69: 'C', 273: 'G', 438: 'C', 537: 'A', 573: 'T'] 

final sDNC: [58: 'T', 69: 'C', 273: 'G', 438: 'C', 537: 'A', 573: 'T'] 

final sDNC: [58: 'T', 69: 'C', 273: 'G', 438: 'C', 537: 'A', 573: 'T'] 

final sDNC: [58: 'T', 69: 'C', 273: 'G', 438: 'C', 537: 'A', 573: 'T'] 

final sDNC: [58: 'T', 69: 'C', 273: 'G', 438: 'C', 573: 'T'] 

