************** brasilensis **************
Sequences analyzed: 5
single nucleotide pDNCs: 9 - 459: 'C', 648: 'A', 653: 'T', 678: 'D', 679: 'T', 683: 'T', 704: 'C', 793: 'C', 801: 'T'
final sDNC: [459: 'C', 648: 'A', 653: 'T', 678: 'D'] 

final sDNC: [459: 'C', 648: 'A', 653: 'T', 678: 'D'] 

final sDNC: [459: 'C', 648: 'A', 653: 'T', 678: 'D'] 

final sDNC: [459: 'C', 648: 'A', 653: 'T', 678: 'D'] 

final sDNC: [459: 'C', 648: 'A', 653: 'T', 678: 'D'] 

final sDNC: [459: 'C', 648: 'A', 653: 'T', 678: 'D'] 

final sDNC: [459: 'C', 648: 'A', 653: 'T', 678: 'D'] 

final sDNC: [459: 'C', 648: 'A', 653: 'T', 678: 'D'] 

final sDNC: [459: 'C', 648: 'A', 653: 'T', 678: 'D'] 

final sDNC: [459: 'C', 648: 'A', 653: 'T', 678: 'D'] 

************** verrucosa **************
Sequences analyzed: 3
single nucleotide pDNCs: 3 - 597: 'T', 604: 'G', 859: 'C'
final sDNC: [597: 'T', 604: 'G', 859: 'C', 867: 'G'] 

final sDNC: [597: 'T', 604: 'G', 859: 'C', 867: 'G'] 

final sDNC: [597: 'T', 604: 'G', 859: 'C', 867: 'G'] 

final sDNC: [597: 'T', 604: 'G', 859: 'C', 867: 'G'] 

final sDNC: [597: 'T', 604: 'G', 859: 'C', 867: 'G'] 

final sDNC: [597: 'T', 604: 'G', 859: 'C', 867: 'G'] 

final sDNC: [597: 'T', 604: 'G', 859: 'C', 867: 'G'] 

final sDNC: [597: 'T', 604: 'G', 859: 'C', 867: 'G'] 

final sDNC: [597: 'T', 604: 'G', 859: 'C', 867: 'G'] 

final sDNC: [597: 'T', 604: 'G', 859: 'C', 867: 'G'] 

************** wiggi **************
Sequences analyzed: 3
single nucleotide pDNCs: 6 - 483: 'T', 508: 'T', 536: 'D', 537: 'D', 538: 'D', 699: 'A'
final sDNC: [483: 'T', 508: 'T', 536: 'D', 537: 'D'] 

final sDNC: [483: 'T', 508: 'T', 536: 'D', 537: 'D'] 

final sDNC: [483: 'T', 508: 'T', 536: 'D', 537: 'D'] 

final sDNC: [483: 'T', 508: 'T', 536: 'D', 537: 'D'] 

final sDNC: [483: 'T', 508: 'T', 536: 'D', 537: 'D'] 

final sDNC: [483: 'T', 508: 'T', 536: 'D', 537: 'D'] 

final sDNC: [483: 'T', 508: 'T', 536: 'D', 537: 'D'] 

final sDNC: [483: 'T', 508: 'T', 536: 'D', 537: 'D'] 

final sDNC: [483: 'T', 508: 'T', 536: 'D', 537: 'D'] 

final sDNC: [483: 'T', 508: 'T', 536: 'D', 537: 'D'] 

************** wenzli **************
Sequences analyzed: 3
single nucleotide pDNCs: 2 - 449: 'C', 539: 'A'
final sDNC: [439: 'A', 449: 'C', 539: 'A', 903: 'C'] 

final sDNC: [449: 'C', 539: 'A', 903: 'C'] 

final sDNC: [449: 'C', 539: 'A', 903: 'C'] 

final sDNC: [449: 'C', 539: 'A', 903: 'C'] 

final sDNC: [439: 'A', 449: 'C', 539: 'A', 903: 'C'] 

final sDNC: [449: 'C', 539: 'A', 903: 'C'] 

final sDNC: [439: 'A', 449: 'C', 539: 'A', 903: 'C'] 

final sDNC: [449: 'C', 539: 'A', 903: 'C'] 

final sDNC: [449: 'C', 539: 'A', 903: 'C'] 

final sDNC: [449: 'C', 539: 'A', 903: 'C'] 

