************** thomasi **************
Sequences analyzed: 7
single nucleotide pDNCs: 0 - 
final sDNC: [39: 'G', 75: 'C', 157: 'C', 243: 'C'] 

final sDNC: [39: 'G', 75: 'C', 157: 'C', 243: 'C'] 

final sDNC: [39: 'G', 75: 'C', 157: 'C', 243: 'C'] 

final sDNC: [39: 'G', 75: 'C', 157: 'C', 243: 'C'] 

final sDNC: [39: 'G', 75: 'C', 157: 'C', 243: 'C', 375: 'T'] 

final sDNC: [39: 'G', 75: 'C', 157: 'C', 243: 'C'] 

final sDNC: [39: 'G', 75: 'C', 157: 'C', 243: 'C'] 

final sDNC: [39: 'G', 75: 'C', 157: 'C', 243: 'C'] 

final sDNC: [39: 'G', 75: 'C', 157: 'C', 243: 'C'] 

final sDNC: [39: 'G', 75: 'C', 157: 'C', 243: 'C'] 

************** tongmuensis **************
Sequences analyzed: 22
single nucleotide pDNCs: 0 - 
final sDNC: [3: 'T', 15: 'T', 128: 'G', 157: 'C', 162: 'G'] 

final sDNC: [3: 'T', 15: 'T', 157: 'C', 162: 'G'] 

final sDNC: [3: 'T', 15: 'T', 128: 'G', 157: 'C', 162: 'G'] 

final sDNC: [3: 'T', 15: 'T', 157: 'C', 162: 'G'] 

final sDNC: [3: 'T', 15: 'T', 157: 'C', 162: 'G'] 

final sDNC: [3: 'T', 15: 'T', 157: 'C', 162: 'G'] 

final sDNC: [3: 'T', 15: 'T', 157: 'C', 162: 'G'] 

final sDNC: [3: 'T', 15: 'T', 128: 'G', 157: 'C', 162: 'G'] 

final sDNC: [3: 'T', 15: 'T', 157: 'C', 162: 'G'] 

final sDNC: [3: 'T', 15: 'T', 157: 'C', 162: 'G'] 

