************** thomasi **************
Sequences analyzed: 7
single nucleotide pDNCs: 0 - 
final sDNC: [122: 'G', 175: 'G', 729: 'C', 897: 'G'] 

final sDNC: [122: 'G', 175: 'G', 729: 'C', 897: 'G'] 

final sDNC: [122: 'G', 175: 'G', 729: 'C', 897: 'G'] 

final sDNC: [122: 'G', 175: 'G', 729: 'C', 897: 'G'] 

final sDNC: [122: 'G', 175: 'G', 729: 'C', 897: 'G'] 

final sDNC: [122: 'G', 175: 'G', 729: 'C', 897: 'G'] 

final sDNC: [122: 'G', 175: 'G', 729: 'C', 897: 'G'] 

final sDNC: [122: 'G', 175: 'G', 729: 'C', 897: 'G'] 

final sDNC: [122: 'G', 175: 'G', 729: 'C', 897: 'G'] 

final sDNC: [122: 'G', 175: 'G', 729: 'C', 897: 'G'] 

************** tongmuensis **************
Sequences analyzed: 22
single nucleotide pDNCs: 2 - 492: 'C', 830: 'T'
final sDNC: [491: 'G', 492: 'C', 830: 'T'] 

final sDNC: [491: 'G', 492: 'C', 830: 'T'] 

final sDNC: [491: 'G', 492: 'C', 830: 'T'] 

final sDNC: [491: 'G', 492: 'C', 830: 'T'] 

final sDNC: [491: 'G', 492: 'C', 830: 'T'] 

final sDNC: [491: 'G', 492: 'C', 672: 'C', 830: 'T'] 

final sDNC: [491: 'G', 492: 'C', 830: 'T'] 

final sDNC: [491: 'G', 492: 'C', 830: 'T'] 

final sDNC: [491: 'G', 492: 'C', 830: 'T'] 

final sDNC: [491: 'G', 492: 'C', 830: 'T'] 

