************** thomasi **************
Sequences analyzed: 7
single nucleotide pDNCs: 1 - 595: 'T'
final sDNC: [307: 'T', 350: 'C', 352: 'T', 595: 'T'] 

final sDNC: [307: 'T', 350: 'C', 352: 'T', 595: 'T'] 

final sDNC: [307: 'T', 350: 'C', 352: 'T', 595: 'T'] 

final sDNC: [307: 'T', 350: 'C', 352: 'T', 595: 'T'] 

final sDNC: [307: 'T', 350: 'C', 352: 'T', 595: 'T'] 

final sDNC: [307: 'T', 350: 'C', 352: 'T', 595: 'T'] 

final sDNC: [307: 'T', 350: 'C', 352: 'T', 595: 'T'] 

final sDNC: [307: 'T', 350: 'C', 352: 'T', 595: 'T'] 

final sDNC: [307: 'T', 350: 'C', 352: 'T', 595: 'T'] 

final sDNC: [307: 'T', 350: 'C', 352: 'T', 595: 'T'] 

************** tongmuensis **************
Sequences analyzed: 22
single nucleotide pDNCs: 1 - 92: 'T'
final sDNC: [66: 'T', 92: 'T', 94: 'G', 646: 'T', 710: 'T'] 

final sDNC: [66: 'T', 92: 'T', 94: 'G', 646: 'T', 710: 'T'] 

final sDNC: [66: 'T', 92: 'T', 94: 'G', 646: 'T', 710: 'T'] 

final sDNC: [66: 'T', 92: 'T', 94: 'G', 646: 'T', 710: 'T'] 

final sDNC: [66: 'T', 92: 'T', 94: 'G', 646: 'T', 710: 'T'] 

final sDNC: [66: 'T', 92: 'T', 94: 'G', 646: 'T', 710: 'T'] 

final sDNC: [66: 'T', 92: 'T', 94: 'G', 646: 'T', 710: 'T'] 

final sDNC: [66: 'T', 92: 'T', 94: 'G', 646: 'T', 710: 'T'] 

final sDNC: [66: 'T', 92: 'T', 94: 'G', 646: 'T', 710: 'T'] 

final sDNC: [66: 'T', 92: 'T', 94: 'G', 646: 'T', 710: 'T'] 

