************** legitima **************
Sequences analyzed: 71
single nucleotide pDNCs: 24 - 5: 'C', 31: 'C', 70: 'C', 133: 'T', 151: 'C', 166: 'G', 184: 'G', 193: 'C', 206: 'C', 211: 'G', 229: 'G', 241: 'T', 250: 'C', 322: 'G', 346: 'C', 361: 'G', 407: 'C', 418: 'G', 430: 'G', 484: 'A', 539: 'T', 541: 'A', 547: 'C', 556: 'T'
final sDNC: [5: 'C', 31: 'C', 70: 'C'] 

final sDNC: [5: 'C', 31: 'C', 70: 'C'] 

final sDNC: [5: 'C', 31: 'C', 70: 'C'] 

final sDNC: [5: 'C', 31: 'C', 70: 'C'] 

final sDNC: [5: 'C', 31: 'C', 70: 'C'] 

final sDNC: [5: 'C', 31: 'C', 70: 'C'] 

final sDNC: [5: 'C', 31: 'C', 70: 'C'] 

final sDNC: [5: 'C', 31: 'C', 70: 'C', 133: 'T'] 

final sDNC: [5: 'C', 31: 'C', 70: 'C'] 

final sDNC: [5: 'C', 31: 'C', 70: 'C', 133: 'T'] 

************** cingulifera **************
Sequences analyzed: 53
single nucleotide pDNCs: 3 - 265: 'G', 466: 'G', 607: 'A'
final sDNC: [265: 'G', 466: 'G', 607: 'A'] 

final sDNC: [265: 'G', 466: 'G', 607: 'A'] 

final sDNC: [265: 'G', 466: 'G', 607: 'A'] 

final sDNC: [265: 'G', 457: 'C', 466: 'G', 607: 'A'] 

final sDNC: [265: 'G', 466: 'G', 607: 'A'] 

final sDNC: [265: 'G', 466: 'G', 607: 'A'] 

final sDNC: [265: 'G', 466: 'G', 607: 'A'] 

final sDNC: [265: 'G', 466: 'G', 607: 'A'] 

final sDNC: [265: 'G', 466: 'G', 607: 'A'] 

final sDNC: [265: 'G', 466: 'G', 607: 'A'] 

************** olangoensis **************
Sequences analyzed: 31
single nucleotide pDNCs: 2 - 403: 'A', 421: 'A'
final sDNC: [403: 'A', 421: 'A', 424: 'C'] 

final sDNC: [403: 'A', 421: 'A', 424: 'C'] 

final sDNC: [403: 'A', 421: 'A', 424: 'C'] 

final sDNC: [403: 'A', 421: 'A', 424: 'C'] 

final sDNC: [403: 'A', 421: 'A', 634: 'T'] 

final sDNC: [403: 'A', 421: 'A', 634: 'T'] 

final sDNC: [403: 'A', 421: 'A', 634: 'T'] 

final sDNC: [403: 'A', 421: 'A', 634: 'T'] 

final sDNC: [403: 'A', 421: 'A', 634: 'T'] 

final sDNC: [403: 'A', 421: 'A', 634: 'T'] 

